\BOOKMARK [0][-]{chapter*.1}{目 \040录}{}% 1
\BOOKMARK [0][-]{chapter*.4}{摘 \040要}{}% 2
\BOOKMARK [0][-]{chapter*.5}{Abstract}{}% 3
\BOOKMARK [0][-]{chapter.1}{第一章 \040绪论}{}% 4
\BOOKMARK [1][-]{section.1.1}{1.1 研究背景与意义}{chapter.1}% 5
\BOOKMARK [2][-]{subsection.1.1.1}{1.1.1 研究背景}{section.1.1}% 6
\BOOKMARK [2][-]{subsection.1.1.2}{1.1.2 研究意义}{section.1.1}% 7
\BOOKMARK [1][-]{section.1.2}{1.2 相关研究工作回顾}{chapter.1}% 8
\BOOKMARK [2][-]{subsection.1.2.1}{1.2.1 遗忘理论}{section.1.2}% 9
\BOOKMARK [2][-]{subsection.1.2.2}{1.2.2 SNC和WSC}{section.1.2}% 10
\BOOKMARK [1][-]{section.1.3}{1.3 研究目标及主要结果}{chapter.1}% 11
\BOOKMARK [1][-]{section.1.4}{1.4 论文组织结构}{chapter.1}% 12
\BOOKMARK [0][-]{chapter.2}{第二章 \040基础知识}{}% 13
\BOOKMARK [1][-]{section.2.1}{2.1 反应式系统}{chapter.2}% 14
\BOOKMARK [1][-]{section.2.2}{2.2 Kripke结构}{chapter.2}% 15
\BOOKMARK [2][-]{subsection.2.2.1}{2.2.1 真假赋值和K-解释}{section.2.2}% 16
\BOOKMARK [2][-]{subsection.2.2.2}{2.2.2 Kripke结构的定义及相关术语}{section.2.2}% 17
\BOOKMARK [1][-]{section.2.3}{2.3 时序逻辑}{chapter.2}% 18
\BOOKMARK [2][-]{subsection.2.3.1}{2.3.1 计算树逻辑（CTL）}{section.2.3}% 19
\BOOKMARK [2][-]{subsection.2.3.2}{2.3.2 CTL的标准形式}{section.2.3}% 20
\BOOKMARK [2][-]{subsection.2.3.3}{2.3.3 -演算}{section.2.3}% 21
\BOOKMARK [2][-]{subsection.2.3.4}{2.3.4 -公式的析取范式}{section.2.3}% 22
\BOOKMARK [1][-]{section.2.4}{2.4 CTL下的归结}{chapter.2}% 23
\BOOKMARK [1][-]{section.2.5}{2.5 遗忘理论基础和SNC（WSC）}{chapter.2}% 24
\BOOKMARK [2][-]{subsection.2.5.1}{2.5.1 经典逻辑下的遗忘}{section.2.5}% 25
\BOOKMARK [2][-]{subsection.2.5.2}{2.5.2 模态逻辑S5里的遗忘}{section.2.5}% 26
\BOOKMARK [2][-]{subsection.2.5.3}{2.5.3 遗忘的计算方法}{section.2.5}% 27
\BOOKMARK [2][-]{subsection.2.5.4}{2.5.4 基于遗忘的SNC（WSC）计算}{section.2.5}% 28
\BOOKMARK [1][-]{section.2.6}{2.6 本章小结}{chapter.2}% 29
\BOOKMARK [0][-]{chapter.3}{第三章 \040遗忘理论的定义及其语义属性}{}% 30
\BOOKMARK [1][-]{section.3.1}{3.1 引言}{chapter.3}% 31
\BOOKMARK [1][-]{section.3.2}{3.2 V-互模拟}{chapter.3}% 32
\BOOKMARK [1][-]{section.3.3}{3.3 遗忘理论及其语义属性}{chapter.3}% 33
\BOOKMARK [1][-]{section.3.4}{3.4 本章小结}{chapter.3}% 34
\BOOKMARK [0][-]{chapter.4}{第四章 \040计算CTL下的遗忘：基于归结的方法}{}% 35
\BOOKMARK [1][-]{section.4.1}{4.1 引言}{chapter.4}% 36
\BOOKMARK [1][-]{section.4.2}{4.2 归结过程}{chapter.4}% 37
\BOOKMARK [1][-]{section.4.3}{4.3 转换带索引的公式为CTL公式}{chapter.4}% 38
\BOOKMARK [1][-]{section.4.4}{4.4 算法及其复杂性分析}{chapter.4}% 39
\BOOKMARK [1][-]{section.4.5}{4.5 本章小结}{chapter.4}% 40
\BOOKMARK [0][-]{chapter.5}{第五章 \040基于模型的方法计算CTL下的遗忘}{}% 41
\BOOKMARK [1][-]{section.5.1}{5.1 引言}{chapter.5}% 42
\BOOKMARK [1][-]{section.5.2}{5.2 描述初始结构}{chapter.5}% 43
\BOOKMARK [2][-]{subsection.5.2.1}{5.2.1 计算树的V-互模拟}{section.5.2}% 44
\BOOKMARK [2][-]{subsection.5.2.2}{5.2.2 计算树的特征公式}{section.5.2}% 45
\BOOKMARK [2][-]{subsection.5.2.3}{5.2.3 初始结构的特征公式}{section.5.2}% 46
\BOOKMARK [1][-]{section.5.3}{5.3 遗忘理论的封闭性及复杂性结果}{chapter.5}% 47
\BOOKMARK [1][-]{section.5.4}{5.4 基于模型的遗忘理论计算方法}{chapter.5}% 48
\BOOKMARK [1][-]{section.5.5}{5.5 本章小结}{chapter.5}% 49
\BOOKMARK [0][-]{chapter.6}{第六章 \040-演算中的遗忘理论}{}% 50
\BOOKMARK [1][-]{section.6.1}{6.1 引言}{chapter.6}% 51
\BOOKMARK [1][-]{section.6.2}{6.2 遗忘的定义}{chapter.6}% 52
\BOOKMARK [1][-]{section.6.3}{6.3 遗忘的一般属性}{chapter.6}% 53
\BOOKMARK [1][-]{section.6.4}{6.4 计算复杂性}{chapter.6}% 54
\BOOKMARK [1][-]{section.6.5}{6.5 本章小结}{chapter.6}% 55
\BOOKMARK [0][-]{chapter.7}{第七章 \040遗忘理论的应用}{}% 56
\BOOKMARK [1][-]{section.7.1}{7.1 引言}{chapter.7}% 57
\BOOKMARK [1][-]{section.7.2}{7.2 最强必要条件和最弱充分条件}{chapter.7}% 58
\BOOKMARK [1][-]{section.7.3}{7.3 知识更新}{chapter.7}% 59
\BOOKMARK [1][-]{section.7.4}{7.4 本章小结}{chapter.7}% 60
\BOOKMARK [0][-]{chapter.8}{第八章 \040实验结果}{}% 61
\BOOKMARK [1][-]{section.8.1}{8.1 遗忘实验分析}{chapter.8}% 62
\BOOKMARK [1][-]{section.8.2}{8.2 SNC计算结果分析}{chapter.8}% 63
\BOOKMARK [1][-]{section.8.3}{8.3 本章小结}{chapter.8}% 64
\BOOKMARK [0][-]{chapter.9}{第九章 \040总结与展望}{}% 65
\BOOKMARK [1][-]{section.9.1}{9.1 工作总结}{chapter.9}% 66
\BOOKMARK [1][-]{section.9.2}{9.2 研究展望}{chapter.9}% 67
\BOOKMARK [0][-]{chapter*.21}{参考文献}{}% 68
\BOOKMARK [0][-]{chapter*.22}{致 \040谢}{}% 69
\BOOKMARK [0][-]{chapter*.23}{攻读博士学位期间科研和论文情况}{}% 70
