This is pdfTeX, Version 3.1415926-2.3-1.40.12 (MiKTeX 2.9) (preloaded format=pdflatex 2018.12.16)  7 FEB 2021 18:05
entering extended mode
**D:/科研文献资料/博士学位论文/chapter/chapter-04-privacyMetricMode
l.tex

(D:/科研文献资料/博士学位论文/chapter/chapter-04-privacyMetricModel
.tex
LaTeX2e <2011/06/27>
Babel <v3.8m> and hyphenation patterns for loaded.
! Undefined control sequence.
l.2 \chapter
            {差分隐私通信模型及其度量方法}\label{chapter04}
? 
! Emergency stop.
l.2 \chapter
            {差分隐私通信模型及其度量方法}\label{chapter04}
End of file on the terminal!

 
Here is how much of TeX's memory you used:
 7 strings out of 495354
 344 string characters out of 3183354
 44842 words of memory out of 3000000
 3276 multiletter control sequences out of 15000+200000
 3640 words of font info for 14 fonts, out of 3000000 for 9000
 14 hyphenation exceptions out of 8191
 5i,0n,1p,155b,8s stack positions out of 5000i,500n,10000p,200000b,50000s
!  ==> Fatal error occurred, no output PDF file produced!
