\BOOKMARK [0][-]{chapter*.2}{目 \040录}{}% 1
\BOOKMARK [0][-]{chapter*.5}{摘 \040要}{}% 2
\BOOKMARK [0][-]{chapter*.6}{Abstract}{}% 3
\BOOKMARK [0][-]{chapter.1}{第一章 \040绪论}{}% 4
\BOOKMARK [1][-]{section.1.1}{1.1 研究背景与意义}{chapter.1}% 5
\BOOKMARK [2][-]{subsection.1.1.1}{1.1.1 研究背景}{section.1.1}% 6
\BOOKMARK [2][-]{subsection.1.1.2}{1.1.2 研究意义}{section.1.1}% 7
\BOOKMARK [1][-]{section.1.2}{1.2 研究动态与趋势}{chapter.1}% 8
\BOOKMARK [2][-]{subsection.1.2.1}{1.2.1 研究动态}{section.1.2}% 9
\BOOKMARK [2][-]{subsection.1.2.2}{1.2.2 研究趋势}{section.1.2}% 10
\BOOKMARK [1][-]{section.1.3}{1.3 关键问题与目标}{chapter.1}% 11
\BOOKMARK [1][-]{section.1.4}{1.4 研究内容与成果}{chapter.1}% 12
\BOOKMARK [1][-]{section.1.5}{1.5 论文组织结构}{chapter.1}% 13
\BOOKMARK [0][-]{chapter.2}{第二章 \040基本模型与定义}{}% 14
\BOOKMARK [1][-]{section.2.1}{2.1 隐私定义及差分隐私模型}{chapter.2}% 15
\BOOKMARK [2][-]{subsection.2.1.1}{2.1.1 隐私定义}{section.2.1}% 16
\BOOKMARK [2][-]{subsection.2.1.2}{2.1.2 差分隐私模型}{section.2.1}% 17
\BOOKMARK [1][-]{section.2.2}{2.2 Shannon信息论}{chapter.2}% 18
\BOOKMARK [2][-]{subsection.2.2.1}{2.2.1 通信系统}{section.2.2}% 19
\BOOKMARK [2][-]{subsection.2.2.2}{2.2.2 信息熵}{section.2.2}% 20
\BOOKMARK [2][-]{subsection.2.2.3}{2.2.3 相对熵与互信息}{section.2.2}% 21
\BOOKMARK [2][-]{subsection.2.2.4}{2.2.4 数据处理不等式}{section.2.2}% 22
\BOOKMARK [2][-]{subsection.2.2.5}{2.2.5 费诺不等式}{section.2.2}% 23
\BOOKMARK [2][-]{subsection.2.2.6}{2.2.6 率失真理论}{section.2.2}% 24
\BOOKMARK [1][-]{section.2.3}{2.3 优化与均衡理论}{chapter.2}% 25
\BOOKMARK [2][-]{subsection.2.3.1}{2.3.1 优化问题}{section.2.3}% 26
\BOOKMARK [2][-]{subsection.2.3.2}{2.3.2 对策博弈}{section.2.3}% 27
\BOOKMARK [2][-]{subsection.2.3.3}{2.3.3 凹凸博弈}{section.2.3}% 28
\BOOKMARK [1][-]{section.2.4}{2.4 差分隐私的均衡优化}{chapter.2}% 29
\BOOKMARK [1][-]{section.2.5}{2.5 本章小结}{chapter.2}% 30
\BOOKMARK [0][-]{chapter.3}{第三章 \040差分隐私通信模型及其度量方法}{}% 31
\BOOKMARK [1][-]{section.3.1}{3.1 引言}{chapter.3}% 32
\BOOKMARK [1][-]{section.3.2}{3.2 问题描述}{chapter.3}% 33
\BOOKMARK [1][-]{section.3.3}{3.3 差分隐私通信模型}{chapter.3}% 34
\BOOKMARK [1][-]{section.3.4}{3.4 隐私与效用度量}{chapter.3}% 35
\BOOKMARK [2][-]{subsection.3.4.1}{3.4.1 隐私信源熵}{section.3.4}% 36
\BOOKMARK [2][-]{subsection.3.4.2}{3.4.2 隐私泄露风险}{section.3.4}% 37
\BOOKMARK [2][-]{subsection.3.4.3}{3.4.3 数据效用量化}{section.3.4}% 38
\BOOKMARK [1][-]{section.3.5}{3.5 关联属性隐私度量模型及方法}{chapter.3}% 39
\BOOKMARK [2][-]{subsection.3.5.1}{3.5.1 关联属性相关度}{section.3.5}% 40
\BOOKMARK [2][-]{subsection.3.5.2}{3.5.2 关联属性图模型}{section.3.5}% 41
\BOOKMARK [2][-]{subsection.3.5.3}{3.5.3 关联属性隐私度量}{section.3.5}% 42
\BOOKMARK [1][-]{section.3.6}{3.6 实验与分析}{chapter.3}% 43
\BOOKMARK [1][-]{section.3.7}{3.7 本章小结}{chapter.3}% 44
\BOOKMARK [0][-]{chapter.4}{第四章 \040差分隐私数据发布的优化模型}{}% 45
\BOOKMARK [1][-]{section.4.1}{4.1 引言}{chapter.4}% 46
\BOOKMARK [1][-]{section.4.2}{4.2 系统模型与问题提出}{chapter.4}% 47
\BOOKMARK [2][-]{subsection.4.2.1}{4.2.1 数据模型}{section.4.2}% 48
\BOOKMARK [2][-]{subsection.4.2.2}{4.2.2 信道模型}{section.4.2}% 49
\BOOKMARK [2][-]{subsection.4.2.3}{4.2.3 问题提出}{section.4.2}% 50
\BOOKMARK [1][-]{section.4.3}{4.3 隐私与效用的优化模型}{chapter.4}% 51
\BOOKMARK [2][-]{subsection.4.3.1}{4.3.1 研究方案概述}{section.4.3}% 52
\BOOKMARK [2][-]{subsection.4.3.2}{4.3.2 互信息隐私优化模型}{section.4.3}% 53
\BOOKMARK [2][-]{subsection.4.3.3}{4.3.3 条件互信息优化模型}{section.4.3}% 54
\BOOKMARK [1][-]{section.4.4}{4.4 差分隐私数据发布机制与优化}{chapter.4}% 55
\BOOKMARK [2][-]{subsection.4.4.1}{4.4.1 优化模型最优解}{section.4.4}% 56
\BOOKMARK [2][-]{subsection.4.4.2}{4.4.2 交替最小化算法}{section.4.4}% 57
\BOOKMARK [2][-]{subsection.4.4.3}{4.4.3 优化模型迭代算法}{section.4.4}% 58
\BOOKMARK [1][-]{section.4.5}{4.5 实验与分析}{chapter.4}% 59
\BOOKMARK [2][-]{subsection.4.5.1}{4.5.1 实验设置}{section.4.5}% 60
\BOOKMARK [2][-]{subsection.4.5.2}{4.5.2 实验分析}{section.4.5}% 61
\BOOKMARK [1][-]{section.4.6}{4.6 本章小结}{chapter.4}% 62
\BOOKMARK [0][-]{chapter.5}{第五章 \040差分隐私数据收集的优化模型}{}% 63
\BOOKMARK [1][-]{section.5.1}{5.1 引言}{chapter.5}% 64
\BOOKMARK [1][-]{section.5.2}{5.2 系统模型与问题提出}{chapter.5}% 65
\BOOKMARK [2][-]{subsection.5.2.1}{5.2.1 基本定义}{section.5.2}% 66
\BOOKMARK [2][-]{subsection.5.2.2}{5.2.2 系统模型}{section.5.2}% 67
\BOOKMARK [2][-]{subsection.5.2.3}{5.2.3 问题提出}{section.5.2}% 68
\BOOKMARK [1][-]{section.5.3}{5.3 隐私保护数据收集方案}{chapter.5}% 69
\BOOKMARK [2][-]{subsection.5.3.1}{5.3.1 研究方案概述}{section.5.3}% 70
\BOOKMARK [2][-]{subsection.5.3.2}{5.3.2 互信息隐私最优机制}{section.5.3}% 71
\BOOKMARK [2][-]{subsection.5.3.3}{5.3.3 有序随机响应扰动机制}{section.5.3}% 72
\BOOKMARK [1][-]{section.5.4}{5.4 隐私与效用分析}{chapter.5}% 73
\BOOKMARK [2][-]{subsection.5.4.1}{5.4.1 隐私分析}{section.5.4}% 74
\BOOKMARK [2][-]{subsection.5.4.2}{5.4.2 效用分析}{section.5.4}% 75
\BOOKMARK [2][-]{subsection.5.4.3}{5.4.3 相关度损失度量}{section.5.4}% 76
\BOOKMARK [1][-]{section.5.5}{5.5 实验与分析}{chapter.5}% 77
\BOOKMARK [2][-]{subsection.5.5.1}{5.5.1 实验设置}{section.5.5}% 78
\BOOKMARK [2][-]{subsection.5.5.2}{5.5.2 对比分析}{section.5.5}% 79
\BOOKMARK [2][-]{subsection.5.5.3}{5.5.3 参数影响}{section.5.5}% 80
\BOOKMARK [2][-]{subsection.5.5.4}{5.5.4 参数T影响}{section.5.5}% 81
\BOOKMARK [1][-]{section.5.6}{5.6 本章小结}{chapter.5}% 82
\BOOKMARK [0][-]{chapter.6}{第六章 \040差分隐私策略机制的均衡优化模型}{}% 83
\BOOKMARK [1][-]{section.6.1}{6.1 引言}{chapter.6}% 84
\BOOKMARK [1][-]{section.6.2}{6.2 系统模型与问题提出}{chapter.6}% 85
\BOOKMARK [2][-]{subsection.6.2.1}{6.2.1 系统模型}{section.6.2}% 86
\BOOKMARK [2][-]{subsection.6.2.2}{6.2.2 敌手模型}{section.6.2}% 87
\BOOKMARK [2][-]{subsection.6.2.3}{6.2.3 问题提出}{section.6.2}% 88
\BOOKMARK [1][-]{section.6.3}{6.3 隐私保护攻防博弈}{chapter.6}% 89
\BOOKMARK [2][-]{subsection.6.3.1}{6.3.1 博弈模型}{section.6.3}% 90
\BOOKMARK [2][-]{subsection.6.3.2}{6.3.2 均衡分析}{section.6.3}% 91
\BOOKMARK [1][-]{section.6.4}{6.4 策略优化选择算法}{chapter.6}% 92
\BOOKMARK [1][-]{section.6.5}{6.5 实验与分析}{chapter.6}% 93
\BOOKMARK [2][-]{subsection.6.5.1}{6.5.1 实例分析}{section.6.5}% 94
\BOOKMARK [2][-]{subsection.6.5.2}{6.5.2 数值分析}{section.6.5}% 95
\BOOKMARK [1][-]{section.6.6}{6.6 本章小结}{chapter.6}% 96
\BOOKMARK [0][-]{chapter.7}{第七章 \040总结与展望}{}% 97
\BOOKMARK [1][-]{section.7.1}{7.1 工作总结}{chapter.7}% 98
\BOOKMARK [1][-]{section.7.2}{7.2 研究展望}{chapter.7}% 99
\BOOKMARK [0][-]{chapter*.47}{参考文献}{}% 100
