\BOOKMARK [0][-]{chapter*.1}{目 \040录}{}% 1
\BOOKMARK [0][-]{chapter*.4}{摘 \040要}{}% 2
\BOOKMARK [0][-]{chapter*.5}{Abstract}{}% 3
\BOOKMARK [0][-]{chapter.1}{第一章 \040绪论}{}% 4
\BOOKMARK [1][-]{section.1.1}{1.1 研究背景与意义}{chapter.1}% 5
\BOOKMARK [2][-]{subsection.1.1.1}{1.1.1 研究背景}{section.1.1}% 6
\BOOKMARK [2][-]{subsection.1.1.2}{1.1.2 研究意义}{section.1.1}% 7
\BOOKMARK [1][-]{section.1.2}{1.2 研究动态与趋势}{chapter.1}% 8
\BOOKMARK [2][-]{subsection.1.2.1}{1.2.1 研究动态}{section.1.2}% 9
\BOOKMARK [2][-]{subsection.1.2.2}{1.2.2 研究趋势}{section.1.2}% 10
\BOOKMARK [1][-]{section.1.3}{1.3 关键问题与目标}{chapter.1}% 11
\BOOKMARK [1][-]{section.1.4}{1.4 研究内容与成果}{chapter.1}% 12
\BOOKMARK [1][-]{section.1.5}{1.5 论文组织结构}{chapter.1}% 13
\BOOKMARK [0][-]{chapter.2}{第二章 \040Kripke结构、时序逻辑、模型检测以及遗忘理论}{}% 14
\BOOKMARK [1][-]{section.2.1}{2.1 Kripke结构}{chapter.2}% 15
\BOOKMARK [2][-]{subsection.2.1.1}{2.1.1 真假赋值和K-解释}{section.2.1}% 16
\BOOKMARK [2][-]{subsection.2.1.2}{2.1.2 Kripke结构的定义及相关术语}{section.2.1}% 17
\BOOKMARK [1][-]{section.2.2}{2.2 时序逻辑}{chapter.2}% 18
\BOOKMARK [2][-]{subsection.2.2.1}{2.2.1 计算树逻辑（CTL）}{section.2.2}% 19
\BOOKMARK [2][-]{subsection.2.2.2}{2.2.2 CTL的标准形式}{section.2.2}% 20
\BOOKMARK [2][-]{subsection.2.2.3}{2.2.3 CTL下的归结}{section.2.2}% 21
\BOOKMARK [2][-]{subsection.2.2.4}{2.2.4 -演算}{section.2.2}% 22
\BOOKMARK [1][-]{section.2.3}{2.3 模型检测}{chapter.2}% 23
\BOOKMARK [1][-]{section.2.4}{2.4 遗忘理论}{chapter.2}% 24
\BOOKMARK [1][-]{section.2.5}{2.5 本章小结}{chapter.2}% 25
\BOOKMARK [0][-]{chapter.3}{第三章 \040CTL下的遗忘理论的定义及其语义属性}{}% 26
\BOOKMARK [1][-]{section.3.1}{3.1 引言}{chapter.3}% 27
\BOOKMARK [1][-]{section.3.2}{3.2 V-互模拟}{chapter.3}% 28
\BOOKMARK [1][-]{section.3.3}{3.3 遗忘理论及其语义属性}{chapter.3}% 29
\BOOKMARK [1][-]{section.3.4}{3.4 本章小结}{chapter.3}% 30
\BOOKMARK [0][-]{chapter.4}{第四章 \040计算CTL下的遗忘：基于归结的方法}{}% 31
\BOOKMARK [1][-]{section.4.1}{4.1 引言}{chapter.4}% 32
\BOOKMARK [1][-]{section.4.2}{4.2 二元互模拟}{chapter.4}% 33
\BOOKMARK [1][-]{section.4.3}{4.3 基于归结的方法计算遗忘}{chapter.4}% 34
\BOOKMARK [2][-]{subsection.4.3.1}{4.3.1 将CTL公式转换为SNFctlg子句的集合}{section.4.3}% 35
\BOOKMARK [2][-]{subsection.4.3.2}{4.3.2 归结过程}{section.4.3}% 36
\BOOKMARK [2][-]{subsection.4.3.3}{4.3.3 “移除”过程}{section.4.3}% 37
\BOOKMARK [2][-]{subsection.4.3.4}{4.3.4 索引和“start”的“消除”}{section.4.3}% 38
\BOOKMARK [2][-]{subsection.4.3.5}{4.3.5 替换V'中的原子}{section.4.3}% 39
\BOOKMARK [1][-]{section.4.4}{4.4 算法的可终止性和计算复杂性}{chapter.4}% 40
\BOOKMARK [1][-]{section.4.5}{4.5 本章小结}{chapter.4}% 41
\BOOKMARK [0][-]{chapter.5}{第五章 \040基于模型的方法计算CTL下的遗忘}{}% 42
\BOOKMARK [1][-]{section.5.1}{5.1 引言}{chapter.5}% 43
\BOOKMARK [1][-]{section.5.2}{5.2 描述初始k-结构}{chapter.5}% 44
\BOOKMARK [2][-]{subsection.5.2.1}{5.2.1 计算树的V-互模拟}{section.5.2}% 45
\BOOKMARK [2][-]{subsection.5.2.2}{5.2.2 计算树的特征公式}{section.5.2}% 46
\BOOKMARK [2][-]{subsection.5.2.3}{5.2.3 初始k-结构的特征公式}{section.5.2}% 47
\BOOKMARK [1][-]{section.5.3}{5.3 遗忘理论的封闭性}{chapter.5}% 48
\BOOKMARK [2][-]{subsection.5.3.1}{5.3.1 基本定义}{section.5.3}% 49
\BOOKMARK [2][-]{subsection.5.3.2}{5.3.2 系统模型}{section.5.3}% 50
\BOOKMARK [2][-]{subsection.5.3.3}{5.3.3 问题提出}{section.5.3}% 51
\BOOKMARK [1][-]{section.5.4}{5.4 隐私保护数据收集方案}{chapter.5}% 52
\BOOKMARK [2][-]{subsection.5.4.1}{5.4.1 研究方案概述}{section.5.4}% 53
\BOOKMARK [2][-]{subsection.5.4.2}{5.4.2 互信息隐私最优机制}{section.5.4}% 54
\BOOKMARK [2][-]{subsection.5.4.3}{5.4.3 有序随机响应扰动机制}{section.5.4}% 55
\BOOKMARK [1][-]{section.5.5}{5.5 隐私与效用分析}{chapter.5}% 56
\BOOKMARK [2][-]{subsection.5.5.1}{5.5.1 隐私分析}{section.5.5}% 57
\BOOKMARK [2][-]{subsection.5.5.2}{5.5.2 效用分析}{section.5.5}% 58
\BOOKMARK [2][-]{subsection.5.5.3}{5.5.3 相关度损失度量}{section.5.5}% 59
\BOOKMARK [1][-]{section.5.6}{5.6 实验与分析}{chapter.5}% 60
\BOOKMARK [2][-]{subsection.5.6.1}{5.6.1 实验设置}{section.5.6}% 61
\BOOKMARK [2][-]{subsection.5.6.2}{5.6.2 对比分析}{section.5.6}% 62
\BOOKMARK [2][-]{subsection.5.6.3}{5.6.3 参数影响}{section.5.6}% 63
\BOOKMARK [2][-]{subsection.5.6.4}{5.6.4 参数T影响}{section.5.6}% 64
\BOOKMARK [1][-]{section.5.7}{5.7 本章小结}{chapter.5}% 65
\BOOKMARK [0][-]{chapter.6}{第六章 \040差分隐私策略机制的均衡优化模型}{}% 66
\BOOKMARK [1][-]{section.6.1}{6.1 引言}{chapter.6}% 67
\BOOKMARK [1][-]{section.6.2}{6.2 系统模型与问题提出}{chapter.6}% 68
\BOOKMARK [2][-]{subsection.6.2.1}{6.2.1 系统模型}{section.6.2}% 69
\BOOKMARK [2][-]{subsection.6.2.2}{6.2.2 敌手模型}{section.6.2}% 70
\BOOKMARK [2][-]{subsection.6.2.3}{6.2.3 问题提出}{section.6.2}% 71
\BOOKMARK [1][-]{section.6.3}{6.3 隐私保护攻防博弈}{chapter.6}% 72
\BOOKMARK [2][-]{subsection.6.3.1}{6.3.1 博弈模型}{section.6.3}% 73
\BOOKMARK [2][-]{subsection.6.3.2}{6.3.2 均衡分析}{section.6.3}% 74
\BOOKMARK [1][-]{section.6.4}{6.4 策略优化选择算法}{chapter.6}% 75
\BOOKMARK [1][-]{section.6.5}{6.5 实验与分析}{chapter.6}% 76
\BOOKMARK [2][-]{subsection.6.5.1}{6.5.1 实例分析}{section.6.5}% 77
\BOOKMARK [2][-]{subsection.6.5.2}{6.5.2 数值分析}{section.6.5}% 78
\BOOKMARK [1][-]{section.6.6}{6.6 本章小结}{chapter.6}% 79
\BOOKMARK [0][-]{chapter.7}{第七章 \040差分隐私策略机制的均衡优化模型}{}% 80
\BOOKMARK [1][-]{section.7.1}{7.1 引言}{chapter.7}% 81
\BOOKMARK [1][-]{section.7.2}{7.2 系统模型与问题提出}{chapter.7}% 82
\BOOKMARK [2][-]{subsection.7.2.1}{7.2.1 系统模型}{section.7.2}% 83
\BOOKMARK [2][-]{subsection.7.2.2}{7.2.2 敌手模型}{section.7.2}% 84
\BOOKMARK [2][-]{subsection.7.2.3}{7.2.3 问题提出}{section.7.2}% 85
\BOOKMARK [1][-]{section.7.3}{7.3 隐私保护攻防博弈}{chapter.7}% 86
\BOOKMARK [2][-]{subsection.7.3.1}{7.3.1 博弈模型}{section.7.3}% 87
\BOOKMARK [2][-]{subsection.7.3.2}{7.3.2 均衡分析}{section.7.3}% 88
\BOOKMARK [1][-]{section.7.4}{7.4 策略优化选择算法}{chapter.7}% 89
\BOOKMARK [1][-]{section.7.5}{7.5 实验与分析}{chapter.7}% 90
\BOOKMARK [2][-]{subsection.7.5.1}{7.5.1 实例分析}{section.7.5}% 91
\BOOKMARK [2][-]{subsection.7.5.2}{7.5.2 数值分析}{section.7.5}% 92
\BOOKMARK [1][-]{section.7.6}{7.6 本章小结}{chapter.7}% 93
\BOOKMARK [0][-]{chapter.8}{第八章 \040差分隐私策略机制的均衡优化模型}{}% 94
\BOOKMARK [1][-]{section.8.1}{8.1 引言}{chapter.8}% 95
\BOOKMARK [1][-]{section.8.2}{8.2 系统模型与问题提出}{chapter.8}% 96
\BOOKMARK [2][-]{subsection.8.2.1}{8.2.1 系统模型}{section.8.2}% 97
\BOOKMARK [2][-]{subsection.8.2.2}{8.2.2 敌手模型}{section.8.2}% 98
\BOOKMARK [2][-]{subsection.8.2.3}{8.2.3 问题提出}{section.8.2}% 99
\BOOKMARK [1][-]{section.8.3}{8.3 隐私保护攻防博弈}{chapter.8}% 100
\BOOKMARK [2][-]{subsection.8.3.1}{8.3.1 博弈模型}{section.8.3}% 101
\BOOKMARK [2][-]{subsection.8.3.2}{8.3.2 均衡分析}{section.8.3}% 102
\BOOKMARK [1][-]{section.8.4}{8.4 策略优化选择算法}{chapter.8}% 103
\BOOKMARK [1][-]{section.8.5}{8.5 实验与分析}{chapter.8}% 104
\BOOKMARK [2][-]{subsection.8.5.1}{8.5.1 实例分析}{section.8.5}% 105
\BOOKMARK [2][-]{subsection.8.5.2}{8.5.2 数值分析}{section.8.5}% 106
\BOOKMARK [1][-]{section.8.6}{8.6 本章小结}{chapter.8}% 107
\BOOKMARK [0][-]{chapter.9}{第九章 \040总结与展望}{}% 108
\BOOKMARK [1][-]{section.9.1}{9.1 工作总结}{chapter.9}% 109
\BOOKMARK [1][-]{section.9.2}{9.2 研究展望}{chapter.9}% 110
\BOOKMARK [0][-]{chapter*.49}{参考文献}{}% 111
\BOOKMARK [0][-]{chapter*.50}{致 \040谢}{}% 112
\BOOKMARK [0][-]{chapter*.51}{攻读博士学位期间科研和论文情况}{}% 113
