\BOOKMARK [0][-]{chapter*.2}{目 \040录}{}% 1
\BOOKMARK [0][-]{chapter*.6}{摘 \040要}{}% 2
\BOOKMARK [0][-]{chapter*.7}{Abstract}{}% 3
\BOOKMARK [0][-]{chapter.1}{第一章 \040绪论}{}% 4
\BOOKMARK [1][-]{section.1.1}{1.1 研究背景与意义}{chapter.1}% 5
\BOOKMARK [2][-]{subsection.1.1.1}{1.1.1 研究背景}{section.1.1}% 6
\BOOKMARK [2][-]{subsection.1.1.2}{1.1.2 研究意义}{section.1.1}% 7
\BOOKMARK [1][-]{section.1.2}{1.2 研究动态与趋势}{chapter.1}% 8
\BOOKMARK [2][-]{subsection.1.2.1}{1.2.1 研究动态}{section.1.2}% 9
\BOOKMARK [2][-]{subsection.1.2.2}{1.2.2 研究趋势}{section.1.2}% 10
\BOOKMARK [1][-]{section.1.3}{1.3 关键问题与目标}{chapter.1}% 11
\BOOKMARK [1][-]{section.1.4}{1.4 研究内容与成果}{chapter.1}% 12
\BOOKMARK [1][-]{section.1.5}{1.5 论文组织结构}{chapter.1}% 13
\BOOKMARK [0][-]{chapter.2}{第二章 \040基本模型与定义}{}% 14
\BOOKMARK [1][-]{section.2.1}{2.1 隐私定义及差分隐私模型}{chapter.2}% 15
\BOOKMARK [2][-]{subsection.2.1.1}{2.1.1 隐私定义}{section.2.1}% 16
\BOOKMARK [2][-]{subsection.2.1.2}{2.1.2 差分隐私模型}{section.2.1}% 17
\BOOKMARK [1][-]{section.2.2}{2.2 Shannon信息论}{chapter.2}% 18
\BOOKMARK [2][-]{subsection.2.2.1}{2.2.1 通信系统}{section.2.2}% 19
\BOOKMARK [2][-]{subsection.2.2.2}{2.2.2 信息熵}{section.2.2}% 20
\BOOKMARK [2][-]{subsection.2.2.3}{2.2.3 相对熵与互信息}{section.2.2}% 21
\BOOKMARK [2][-]{subsection.2.2.4}{2.2.4 数据处理不等式}{section.2.2}% 22
\BOOKMARK [2][-]{subsection.2.2.5}{2.2.5 费诺不等式}{section.2.2}% 23
\BOOKMARK [2][-]{subsection.2.2.6}{2.2.6 率失真理论}{section.2.2}% 24
\BOOKMARK [1][-]{section.2.3}{2.3 优化与均衡理论}{chapter.2}% 25
\BOOKMARK [2][-]{subsection.2.3.1}{2.3.1 优化问题}{section.2.3}% 26
\BOOKMARK [2][-]{subsection.2.3.2}{2.3.2 对策博弈}{section.2.3}% 27
\BOOKMARK [2][-]{subsection.2.3.3}{2.3.3 凹凸博弈}{section.2.3}% 28
\BOOKMARK [1][-]{section.2.4}{2.4 差分隐私的均衡优化}{chapter.2}% 29
\BOOKMARK [1][-]{section.2.5}{2.5 本章小结}{chapter.2}% 30
\BOOKMARK [0][-]{chapter.3}{第三章 \040差分隐私通信模型及其度量方法}{}% 31
\BOOKMARK [1][-]{section.3.1}{3.1 引言}{chapter.3}% 32
\BOOKMARK [1][-]{section.3.2}{3.2 问题描述}{chapter.3}% 33
\BOOKMARK [1][-]{section.3.3}{3.3 差分隐私通信模型}{chapter.3}% 34
\BOOKMARK [1][-]{section.3.4}{3.4 隐私与效用度量}{chapter.3}% 35
\BOOKMARK [2][-]{subsection.3.4.1}{3.4.1 隐私信源熵}{section.3.4}% 36
\BOOKMARK [2][-]{subsection.3.4.2}{3.4.2 隐私泄露风险}{section.3.4}% 37
\BOOKMARK [2][-]{subsection.3.4.3}{3.4.3 数据效用量化}{section.3.4}% 38
\BOOKMARK [1][-]{section.3.5}{3.5 关联属性隐私度量模型及方法}{chapter.3}% 39
\BOOKMARK [2][-]{subsection.3.5.1}{3.5.1 关联属性相关度}{section.3.5}% 40
\BOOKMARK [2][-]{subsection.3.5.2}{3.5.2 关联属性图模型}{section.3.5}% 41
\BOOKMARK [2][-]{subsection.3.5.3}{3.5.3 关联属性隐私度量}{section.3.5}% 42
\BOOKMARK [1][-]{section.3.6}{3.6 实验与分析}{chapter.3}% 43
\BOOKMARK [1][-]{section.3.7}{3.7 本章小结}{chapter.3}% 44
\BOOKMARK [0][-]{chapter.4}{第四章 \040差分隐私数据发布的优化模型}{}% 45
\BOOKMARK [1][-]{section.4.1}{4.1 引言}{chapter.4}% 46
\BOOKMARK [1][-]{section.4.2}{4.2 系统模型与问题提出}{chapter.4}% 47
\BOOKMARK [2][-]{subsection.4.2.1}{4.2.1 数据模型}{section.4.2}% 48
\BOOKMARK [2][-]{subsection.4.2.2}{4.2.2 信道模型}{section.4.2}% 49
\BOOKMARK [2][-]{subsection.4.2.3}{4.2.3 问题提出}{section.4.2}% 50
\BOOKMARK [1][-]{section.4.3}{4.3 隐私与效用的优化模型}{chapter.4}% 51
\BOOKMARK [2][-]{subsection.4.3.1}{4.3.1 研究方案概述}{section.4.3}% 52
\BOOKMARK [2][-]{subsection.4.3.2}{4.3.2 互信息隐私优化模型}{section.4.3}% 53
\BOOKMARK [2][-]{subsection.4.3.3}{4.3.3 条件互信息优化模型}{section.4.3}% 54
\BOOKMARK [1][-]{section.4.4}{4.4 差分隐私数据发布机制与优化}{chapter.4}% 55
\BOOKMARK [2][-]{subsection.4.4.1}{4.4.1 优化模型最优解}{section.4.4}% 56
\BOOKMARK 