This is pdfTeX, Version 3.1415926-2.3-1.40.12 (MiKTeX 2.9) (preloaded format=pdflatex 2019.4.3)  17 SEP 2021 22:06
entering extended mode
**Â∑ÆÂàÜÈöêÁßÅÂùáË°°‰ºòÂåñÊ®°Âûã‰∏éÁÆóÊ≥ïÁ†îÁ©∂.tex

(D:\ÔºàÂçöÂ£´ÔºâÊàëÁöÑËµÑÊñô\Git\fry\Âê¥ÂÆÅÂçö‚Äî‚ÄîÂçöÂ£´Â≠¶‰ΩçËÆ∫Êñá\Âê¥ÂÆÅÂç
ö‚Äî‚ÄîÂçöÂ£´Â≠¶‰ΩçËÆ∫Êñá\Â∑ÆÂàÜÈöêÁßÅÂùáË°°‰ºòÂåñÊ®°Âûã‰∏éÁÆóÊ≥ïÁ†îÁ©∂.tex
LaTeX2e <2011/06/27>
Babel <v3.8m> and hyphenation patterns for loaded.

(D:\ÔºàÂçöÂ£´ÔºâÊàëÁöÑËµÑÊñô\Git\fry\Âê¥ÂÆÅÂçö‚Äî‚ÄîÂçöÂ£´Â≠¶‰ΩçËÆ∫Êñá\Âê¥ÂÆÅÂç
ö‚Äî‚ÄîÂçöÂ£´Â≠¶‰ΩçËÆ∫Êñá\CASthesis.cls
Document Class: CASthesis 2011/04/06 v0.2 CASthesis document class
(D:\Application\Ctex\MiKTeX\tex\latex\ctex\ctexbook.cls
Document Class: ctexbook 2011/03/11 v1.02c ctexbook document class
(D:\Application\Ctex\MiKTeX\tex\latex\ctex\opt\ctex-common-opts.def)
(D:\Application\Ctex\MiKTeX\tex\latex\ctex\opt\ctex-caption-opts.def
\c@CTEX@sectiondepth=\count79
)
(D:\Application\Ctex\MiKTeX\tex\latex\ctex\opt\ctex-class-opts.def)
(D:\Application\Ctex\CTeX\tex\latex\ctex\cfg\ctexopts.cfg)
(D:\Application\Ctex\MiKTeX\tex\latex\ctex\def\ctex-loadclass.def
(D:\Application\Ctex\MiKTeX\tex\latex\base\book.cls
Document Class: book 2007/10/19 v1.4h Standard LaTeX document class
(D:\Application\Ctex\MiKTeX\tex\latex\base\bk12.clo
File: bk12.clo 2007/10/19 v1.4h Standard LaTeX file (size option)
)
\c@part=\count80
\c@chapter=\count81
\c@section=\count82
\c@subsection=\count83
\c@subsubsection=\count84
\c@paragraph=\count85
\c@subparagraph=\count86
\c@figure=\count87
\c@table=\count88
\abovecaptionskip=\skip41
\belowcaptionskip=\skip42
\bibindent=\dimen102
))
(D:\Application\Ctex\MiKTeX\tex\latex\ctex\def\ctex-common.def
(D:\Application\Ctex\MiKTeX\tex\latex\l3kernel\expl3.sty
(D:\Application\Ctex\MiKTeX\tex\latex\l3kernel\l3names.sty
(D:\Application\Ctex\MiKTeX\tex\latex\l3kernel\l3bootstrap.sty
Package: l3bootstrap 2011/12/29 v3110 L3 Experimental bootstrap code
)
Package: l3names 2011/12/30 v3113 L3 Experimental namespace for primitives
)
(D:\Application\Ctex\MiKTeX\tex\latex\misc\etex.sty
Package: etex 1998/03/26 v2.0 eTeX basic definition package (PEB)
\et@xins=\count89
)
Package: expl3 2012/02/26 v3471 L3 Experimental code bundle wrapper

(D:\Application\Ctex\MiKTeX\tex\latex\graphics\color.sty
Package: color 2005/11/14 v1.0j Standard LaTeX Color (DPC)

(D:\Application\Ctex\MiKTeX\tex\latex\00miktex\color.cfg
File: color.cfg 2007/01/18 v1.5 color configuration of teTeX/TeXLive
)
Package color Info: Driver file: pdftex.def on input line 130.

(D:\Application\Ctex\MiKTeX\tex\latex\pdftex-def\pdftex.def
File: pdftex.def 2011/05/27 v0.06d Graphics/color for pdfTeX

(D:\Application\Ctex\MiKTeX\tex\generic\oberdiek\infwarerr.sty
Package: infwarerr 2010/04/08 v1.3 Providing info/warning/message (HO)
)
(D:\Application\Ctex\MiKTeX\tex\generic\oberdiek\ltxcmds.sty
Package: ltxcmds 2011/04/18 v1.20 LaTeX kernel commands for general use (HO)
)
\Gread@gobject=\count90
))
(D:\Application\Ctex\MiKTeX\tex\latex\graphics\graphics.sty
Package: graphics 2009/02/05 v1.0o Standard LaTeX Graphics (DPC,SPQR)

(D:\Application\Ctex\MiKTeX\tex\latex\graphics\trig.sty
Package: trig 1999/03/16 v1.09 sin cos tan (DPC)
)
(D:\Application\Ctex\MiKTeX\tex\latex\00miktex\graphics.cfg
File: graphics.cfg 2007/01/18 v1.5 graphics configuration of teTeX/TeXLive
)
Package graphics Info: Driver file: pdftex.def on input line 91.
)
(D:\Application\Ctex\MiKTeX\tex\latex\l3kernel\l3basics.sty
Package: l3basics 2012/02/26 v3460 L3 Experimental basic definitions
)
(D:\Application\Ctex\MiKTeX\tex\latex\l3kernel\l3expan.sty
Package: l3expan 2012/02/26 v3460 L3 Experimental argument expansion
)
(D:\Application\Ctex\MiKTeX\tex\latex\l3kernel\l3tl.sty
Package: l3tl 2012/02/26 v3460 L3 Experimental token lists
)
(D:\Application\Ctex\MiKTeX\tex\latex\l3kernel\l3seq.sty
Package: l3seq 2012/01/09 v3158 L3 Experimental sequences and stacks
)
(D:\Application\Ctex\MiKTeX\tex\latex\l3kernel\l3int.sty
Package: l3int 2012/02/26 v3460 L3 Experimental integers
\c_max_int=\count91
\l_tmpa_int=\count92
\l_tmpb_int=\count93
\l_tmpc_int=\count94
\g_tmpa_int=\count95
\g_tmpb_int=\count96
)
(D:\Application\Ctex\MiKTeX\tex\latex\l3kernel\l3quark.sty
Package: l3quark 2012/02/12 v3384 L3 Experimental quarks
)
(D:\Application\Ctex\MiKTeX\tex\latex\l3kernel\l3prg.sty
Package: l3prg 2012/02/26 v3464 L3 Experimental control structures
\g_prg_map_int=\count97
)
(D:\Application\Ctex\MiKTeX\tex\latex\l3kernel\l3clist.sty
Package: l3clist 2012/02/26 v3460 L3 Experimental comma separated lists
)
(D:\Application\Ctex\MiKTeX\tex\latex\l3kernel\l3token.sty
Package: l3token 2012/02/26 v3460 L3 Experimental token manipulation
)
(D:\Application\Ctex\MiKTeX\tex\latex\l3kernel\l3prop.sty
Package: l3prop 2012/02/26 v3460 L3 Experimental property lists
)
(D:\Application\Ctex\MiKTeX\tex\latex\l3kernel\l3msg.sty
Package: l3msg 2012/02/26 v3470 L3 Experimental messages
)
(D:\Application\Ctex\MiKTeX\tex\latex\l3kernel\l3file.sty
Package: l3file 2012/02/26 v3464 L3 Experimental file and I/O operations
\l_iow_stream_int=\count98
\l_iow_line_length_int=\count99
\l_iow_target_length_int=\count100
\l_iow_current_line_int=\count101
\l_iow_current_word_int=\count102
\l_iow_current_indentation_int=\count103
)
(D:\Application\Ctex\MiKTeX\tex\latex\l3kernel\l3skip.sty
Package: l3skip 2012/02/26 v3460 L3 Experimental dimensions and skips
\l_tmpa_dim=\dimen103
\l_tmpb_dim=\dimen104
\l_tmpc_dim=\dimen105
\g_tmpa_dim=\dimen106
\g_tmpb_dim=\dimen107
\l_tmpa_skip=\skip43
\l_tmpb_skip=\skip44
\l_tmpc_skip=\skip45
\g_tmpa_skip=\skip46
\g_tmpb_skip=\skip47
)
(D:\Application\Ctex\MiKTeX\tex\latex\l3kernel\l3keys.sty
Package: l3keys 2011/12/22 v3086 L3 Experimental key-value interfaces
\g_keyval_level_int=\count104
\l_keys_choice_int=\count105
)
(D:\Application\Ctex\MiKTeX\tex\latex\l3kernel\l3fp.sty
Package: l3fp 2012/02/06 v3315 L3 Experimental floating-point operations
\c_one_million=\count106
\c_one_hundred_million=\count107
\c_five_hundred_million=\count108
\c_one_thousand_million=\count109
\c_fp_pi_by_four_decimal_int=\count110
\c_fp_pi_by_four_extended_int=\count111
\c_fp_pi_decimal_int=\count112
\c_fp_pi_extended_int=\count113
\c_fp_two_pi_decimal_int=\count114
\c_fp_two_pi_extended_int=\count115
\l_fp_count_int=\count116
\l_fp_div_offset_int=\count117
\l_fp_exp_integer_int=\count118
\l_fp_exp_decimal_int=\count119
\l_fp_exp_extended_int=\count120
\l_fp_exp_exponent_int=\count121
\l_fp_input_a_sign_int=\count122
\l_fp_input_a_integer_int=\count123
\l_fp_input_a_decimal_int=\count124
\l_fp_input_a_exponent_int=\count125
\l_fp_input_b_sign_int=\count126
\l_fp_input_b_integer_int=\count127
\l_fp_input_b_decimal_int=\count128
\l_fp_input_b_exponent_int=\count129
\l_fp_input_a_extended_int=\count130
\l_fp_input_b_extended_int=\count131
\l_fp_mul_a_i_int=\count132
\l_fp_mul_a_ii_int=\count133
\l_fp_mul_a_iii_int=\count134
\l_fp_mul_a_iv_int=\count135
\l_fp_mul_a_v_int=\count136
\l_fp_mul_a_vi_int=\count137
\l_fp_mul_b_i_int=\count138
\l_fp_mul_b_ii_int=\count139
\l_fp_mul_b_iii_int=\count140
\l_fp_mul_b_iv_int=\count141
\l_fp_mul_b_v_int=\count142
\l_fp_mul_b_vi_int=\count143
\l_fp_mul_output_int=\count144
\l_fp_output_sign_int=\count145
\l_fp_output_integer_int=\count146
\l_fp_output_decimal_int=\count147
\l_fp_output_exponent_int=\count148
\l_fp_output_extended_int=\count149
\l_fp_round_position_int=\count150
\l_fp_round_target_int=\count151
\l_fp_split_sign_int=\count152
\l_fp_internal_int=\count153
\l_fp_trig_octant_int=\count154
\l_fp_trig_sign_int=\count155
\l_fp_trig_decimal_int=\count156
\l_fp_trig_extended_int=\count157
\l_fp_internal_dim=\dimen108
\l_fp_internal_skip=\skip48
)
(D:\Application\Ctex\MiKTeX\tex\latex\l3kernel\l3box.sty
Package: l3box 2012/02/18 v3432 L3 Experimental boxes
\l_tmpb_box=\box26
\l_box_top_dim=\dimen109
\l_box_bottom_dim=\dimen110
\l_box_left_dim=\dimen111
\l_box_right_dim=\dimen112
\l_box_top_new_dim=\dimen113
\l_box_bottom_new_dim=\dimen114
\l_box_left_new_dim=\dimen115
\l_box_right_new_dim=\dimen116
\l_box_internal_box=\box27
)
(D:\Application\Ctex\MiKTeX\tex\latex\l3kernel\l3coffins.sty
Package: l3coffins 2012/02/26 v3460 L3 Experimental coffin code layer
\l_coffin_internal_box=\box28
\l_coffin_internal_dim=\dimen117
\l_coffin_offset_x_dim=\dimen118
\l_coffin_offset_y_dim=\dimen119
\l_coffin_x_dim=\dimen120
\l_coffin_y_dim=\dimen121
\l_coffin_x_prime_dim=\dimen122
\l_coffin_y_prime_dim=\dimen123
\l_coffin_Depth_dim=\dimen124
\l_coffin_Height_dim=\dimen125
\l_coffin_TotalHeight_dim=\dimen126
\l_coffin_Width_dim=\dimen127
\c_empty_coffin=\box29
\l_coffin_aligned_coffin=\box30
\l_coffin_aligned_internal_coffin=\box31
\l_coffin_bounding_shift_dim=\dimen128
\l_coffin_left_corner_dim=\dimen129
\l_coffin_right_corner_dim=\dimen130
\l_coffin_bottom_corner_dim=\dimen131
\l_coffin_top_corner_dim=\dimen132
\l_coffin_scaled_total_height_dim=\dimen133
\l_coffin_scaled_width_dim=\dimen134
\l_coffin_display_coffin=\box32
\l_coffin_display_coord_coffin=\box33
\l_coffin_display_pole_coffin=\box34
\l_coffin_display_offset_dim=\dimen135
\l_coffin_display_x_dim=\dimen136
\l_coffin_display_y_dim=\dimen137
)
(D:\Application\Ctex\MiKTeX\tex\latex\l3kernel\l3color.sty
Package: l3color 2011/09/07 v2776 L3 Experimental colour support
)
(D:\Application\Ctex\MiKTeX\tex\latex\l3kernel\l3luatex.sty
Package: l3luatex 2012/02/09 v3355 L3 Experimental LuaTeX-specific functions
\g_cctab_allocate_int=\count158
\g_cctab_stack_int=\count159
))
(D:\Application\Ctex\MiKTeX\tex\latex\etoolbox\etoolbox.sty
Package: etoolbox 2011/01/03 v2.1 e-TeX tools for LaTeX
\etb@tempcnta=\count160
)
(D:\Application\Ctex\MiKTeX\tex\generic\oberdiek\ifpdf.sty
Package: ifpdf 2011/01/30 v2.3 Provides the ifpdf switch (HO)
Package ifpdf Info: pdfTeX in PDF mode is detected.
)
(D:\Application\Ctex\MiKTeX\tex\generic\ifxetex\ifxetex.sty
Package: ifxetex 2010/09/12 v0.6 Provides ifxetex conditional
)
(D:\Application\Ctex\MiKTeX\tex\latex\graphics\keyval.sty
Package: keyval 1999/03/16 v1.13 key=value parser (DPC)
\KV@toks@=\toks14
)
(D:\Application\Ctex\MiKTeX\tex\latex\tools\indentfirst.sty
Package: indentfirst 1995/11/23 v1.03 Indent first paragraph (DPC)
)
(D:\Application\Ctex\MiKTeX\tex\latex\base\fix-cm.sty
Package: fix-cm 2006/09/13 v1.1m fixes to LaTeX

(D:\Application\Ctex\MiKTeX\tex\latex\base\ts1enc.def
File: ts1enc.def 2001/06/05 v3.0e (jk/car/fm) Standard LaTeX file
))
(D:\Application\Ctex\MiKTeX\tex\latex\fancyhdr\fancyhdr.sty
\fancy@headwidth=\skip49
\f@ncyO@elh=\skip50
\f@ncyO@erh=\skip51
\f@ncyO@olh=\skip52
\f@ncyO@orh=\skip53
\f@ncyO@elf=\skip54
\f@ncyO@erf=\skip55
\f@ncyO@olf=\skip56
\f@ncyO@orf=\skip57
)
(D:\Application\Ctex\MiKTeX\tex\latex\ctex\engine\ctex-cjk-engine.def
(D:\Application\Ctex\MiKTeX\tex\latex\cjk\CJKutf8.sty
Package: CJKutf8 2008/12/29 4.8.2

(D:\Application\Ctex\MiKTeX\tex\latex\base\inputenc.sty
Package: inputenc 2008/03/30 v1.1d Input encoding file
\inpenc@prehook=\toks15
\inpenc@posthook=\toks16

(D:\Application\Ctex\MiKTeX\tex\latex\base\utf8.def
File: utf8.def 2008/04/05 v1.1m UTF-8 support for inputenc
Now handling font encoding OML ...
... no UTF-8 mapping file for font encoding OML
Now handling font encoding T1 ...
... processing UTF-8 mapping file for font encoding T1

(D:\Application\Ctex\MiKTeX\tex\latex\base\t1enc.dfu
File: t1enc.dfu 2008/04/05 v1.1m UTF-8 support for inputenc
   defining Unicode char U+00A1 (decimal 161)
   defining Unicode char U+00A3 (decimal 163)
   defining Unicode char U+00AB (decimal 171)
   defining Unicode char U+00BB (decimal 187)
   defining Unicode char U+00BF (decimal 191)
   defining Unicode char U+00C0 (decimal 192)
   defining Unicode char U+00C1 (decimal 193)
   defining Unicode char U+00C2 (decimal 194)
   defining Unicode char U+00C3 (decimal 195)
   defining Unicode char U+00C4 (decimal 196)
   defining Unicode char U+00C5 (decimal 197)
   defining Unicode char U+00C6 (decimal 198)
   defining Unicode char U+00C7 (decimal 199)
   defining Unicode char U+00C8 (decimal 200)
   defining Unicode char U+00C9 (decimal 201)
   defining Unicode char U+00CA (decimal 202)
   defining Unicode char U+00CB (decimal 203)
   defining Unicode char U+00CC (decimal 204)
   defining Unicode char U+00CD (decimal 205)
   defining Unicode char U+00CE (decimal 206)
   defining Unicode char U+00CF (decimal 207)
   defining Unicode char U+00D0 (decimal 208)
   defining Unicode char U+00D1 (decimal 209)
   defining Unicode char U+00D2 (decimal 210)
   defining Unicode char U+00D3 (decimal 211)
   defining Unicode char U+00D4 (decimal 212)
   defining Unicode char U+00D5 (decimal 213)
   defining Unicode char U+00D6 (decimal 214)
   defining Unicode char U+00D8 (decimal 216)
   defining Unicode char U+00D9 (decimal 217)
   defining Unicode char U+00DA (decimal 218)
   defining Unicode char U+00DB (decimal 219)
   defining Unicode char U+00DC (decimal 220)
   defining Unicode char U+00DD (decimal 221)
   defining Unicode char U+00DE (decimal 222)
   defining Unicode char U+00DF (decimal 223)
   defining Unicode char U+00E0 (decimal 224)
   defining Unicode char U+00E1 (decimal 225)
   defining Unicode char U+00E2 (decimal 226)
   defining Unicode char U+00E3 (decimal 227)
   defining Unicode char U+00E4 (decimal 228)
   defining Unicode char U+00E5 (decimal 229)
   defining Unicode char U+00E6 (decimal 230)
   defining Unicode char U+00E7 (decimal 231)
   defining Unicode char U+00E8 (decimal 232)
   defining Unicode char U+00E9 (decimal 233)
   defining Unicode char U+00EA (decimal 234)
   defining Unicode char U+00EB (decimal 235)
   defining Unicode char U+00EC (decimal 236)
   defining Unicode char U+00ED (decimal 237)
   defining Unicode char U+00EE (decimal 238)
   defining Unicode char U+00EF (decimal 239)
   defining Unicode char U+00F0 (decimal 240)
   defining Unicode char U+00F1 (decimal 241)
   defining Unicode char U+00F2 (decimal 242)
   defining Unicode char U+00F3 (decimal 243)
   defining Unicode char U+00F4 (decimal 244)
   defining Unicode char U+00F5 (decimal 245)
   defining Unicode char U+00F6 (decimal 246)
   defining Unicode char U+00F8 (decimal 248)
   defining Unicode char U+00F9 (decimal 249)
   defining Unicode char U+00FA (decimal 250)
   defining Unicode char U+00FB (decimal 251)
   defining Unicode char U+00FC (decimal 252)
   defining Unicode char U+00FD (decimal 253)
   defining Unicode char U+00FE (decimal 254)
   defining Unicode char U+00FF (decimal 255)
   defining Unicode char U+0102 (decimal 258)
   defining Unicode char U+0103 (decimal 259)
   defining Unicode char U+0104 (decimal 260)
   defining Unicode char U+0105 (decimal 261)
   defining Unicode char U+0106 (decimal 262)
   defining Unicode char U+0107 (decimal 263)
   defining Unicode char U+010C (decimal 268)
   defining Unicode char U+010D (decimal 269)
   defining Unicode char U+010E (decimal 270)
   defining Unicode char U+010F (decimal 271)
   defining Unicode char U+0110 (decimal 272)
   defining Unicode char U+0111 (decimal 273)
   defining Unicode char U+0118 (decimal 280)
   defining Unicode char U+0119 (decimal 281)
   defining Unicode char U+011A (decimal 282)
   defining Unicode char U+011B (decimal 283)
   defining Unicode char U+011E (decimal 286)
   defining Unicode char U+011F (decimal 287)
   defining Unicode char U+0130 (decimal 304)
   defining Unicode char U+0131 (decimal 305)
   defining Unicode char U+0132 (decimal 306)
   defining Unicode char U+0133 (decimal 307)
   defining Unicode char U+0139 (decimal 313)
   defining Unicode char U+013A (decimal 314)
   defining Unicode char U+013D (decimal 317)
   defining Unicode char U+013E (decimal 318)
   defining Unicode char U+0141 (decimal 321)
   defining Unicode char U+0142 (decimal 322)
   defining Unicode char U+0143 (decimal 323)
   defining Unicode char U+0144 (decimal 324)
   defining Unicode char U+0147 (decimal 327)
   defining Unicode char U+0148 (decimal 328)
   defining Unicode char U+014A (decimal 330)
   defining Unicode char U+014B (decimal 331)
   defining Unicode char U+0150 (decimal 336)
   defining Unicode char U+0151 (decimal 337)
   defining Unicode char U+0152 (decimal 338)
   defining Unicode char U+0153 (decimal 339)
   defining Unicode char U+0154 (decimal 340)
   defining Unicode char U+0155 (decimal 341)
   defining Unicode char U+0158 (decimal 344)
   defining Unicode char U+0159 (decimal 345)
   defining Unicode char U+015A (decimal 346)
   defining Unicode char U+015B (decimal 347)
   defining Unicode char U+015E (decimal 350)
   defining Unicode char U+015F (decimal 351)
   defining Unicode char U+0160 (decimal 352)
   defining Unicode char U+0161 (decimal 353)
   defining Unicode char U+0162 (decimal 354)
   defining Unicode char U+0163 (decimal 355)
   defining Unicode char U+0164 (decimal 356)
   defining Unicode char U+0165 (decimal 357)
   defining Unicode char U+016E (decimal 366)
   defining Unicode char U+016F (decimal 367)
   defining Unicode char U+0170 (decimal 368)
   defining Unicode char U+0171 (decimal 369)
   defining Unicode char U+0178 (decimal 376)
   defining Unicode char U+0179 (decimal 377)
   defining Unicode char U+017A (decimal 378)
   defining Unicode char U+017B (decimal 379)
   defining Unicode char U+017C (decimal 380)
   defining Unicode char U+017D (decimal 381)
   defining Unicode char U+017E (decimal 382)
   defining Unicode char U+200C (decimal 8204)
   defining Unicode char U+2013 (decimal 8211)
   defining Unicode char U+2014 (decimal 8212)
   defining Unicode char U+2018 (decimal 8216)
   defining Unicode char U+2019 (decimal 8217)
   defining Unicode char U+201A (decimal 8218)
   defining Unicode char U+201C (decimal 8220)
   defining Unicode char U+201D (decimal 8221)
   defining Unicode char U+201E (decimal 8222)
   defining Unicode char U+2030 (decimal 8240)
   defining Unicode char U+2031 (decimal 8241)
   defining Unicode char U+2039 (decimal 8249)
   defining Unicode char U+203A (decimal 8250)
   defining Unicode char U+2423 (decimal 9251)
)
Now handling font encoding OT1 ...
... processing UTF-8 mapping file for font encoding OT1

(D:\Application\Ctex\MiKTeX\tex\latex\base\ot1enc.dfu
File: ot1enc.dfu 2008/04/05 v1.1m UTF-8 support for inputenc
   defining Unicode char U+00A1 (decimal 161)
   defining Unicode char U+00A3 (decimal 163)
   defining Unicode char U+00B8 (decimal 184)
   defining Unicode char U+00BF (decimal 191)
   defining Unicode char U+00C5 (decimal 197)
   defining Unicode char U+00C6 (decimal 198)
   defining Unicode char U+00D8 (decimal 216)
   defining Unicode char U+00DF (decimal 223)
   defining Unicode char U+00E6 (decimal 230)
   defining Unicode char U+00EC (decimal 236)
   defining Unicode char U+00ED (decimal 237)
   defining Unicode char U+00EE (decimal 238)
   defining Unicode char U+00EF (decimal 239)
   defining Unicode char U+00F8 (decimal 248)
   defining Unicode char U+0131 (decimal 305)
   defining Unicode char U+0141 (decimal 321)
   defining Unicode char U+0142 (decimal 322)
   defining Unicode char U+0152 (decimal 338)
   defining Unicode char U+0153 (decimal 339)
   defining Unicode char U+2013 (decimal 8211)
   defining Unicode char U+2014 (decimal 8212)
   defining Unicode char U+2018 (decimal 8216)
   defining Unicode char U+2019 (decimal 8217)
   defining Unicode char U+201C (decimal 8220)
   defining Unicode char U+201D (decimal 8221)
)
Now handling font encoding OMS ...
... processing UTF-8 mapping file for font encoding OMS

(D:\Application\Ctex\MiKTeX\tex\latex\base\omsenc.dfu
File: omsenc.dfu 2008/04/05 v1.1m UTF-8 support for inputenc
   defining Unicode char U+00A7 (decimal 167)
   defining Unicode char U+00B6 (decimal 182)
   defining Unicode char U+00B7 (decimal 183)
   defining Unicode char U+2020 (decimal 8224)
   defining Unicode char U+2021 (decimal 8225)
   defining Unicode char U+2022 (decimal 8226)
)
Now handling font encoding OMX ...
... no UTF-8 mapping file for font encoding OMX
Now handling font encoding U ...
... no UTF-8 mapping file for font encoding U
Now handling font encoding TS1 ...
... processing UTF-8 mapping file for font encoding TS1

(D:\Application\Ctex\MiKTeX\tex\latex\base\ts1enc.dfu
File: ts1enc.dfu 2008/04/05 v1.1m UTF-8 support for inputenc
   defining Unicode char U+00A2 (decimal 162)
   defining Unicode char U+00A3 (decimal 163)
   defining Unicode char U+00A4 (decimal 164)
   defining Unicode char U+00A5 (decimal 165)
   defining Unicode char U+00A6 (decimal 166)
   defining Unicode char U+00A7 (decimal 167)
   defining Unicode char U+00A8 (decimal 168)
   defining Unicode char U+00A9 (decimal 169)
   defining Unicode char U+00AA (decimal 170)
   defining Unicode char U+00AC (decimal 172)
   defining Unicode char U+00AE (decimal 174)
   defining Unicode char U+00AF (decimal 175)
   defining Unicode char U+00B0 (decimal 176)
   defining Unicode char U+00B1 (decimal 177)
   defining Unicode char U+00B2 (decimal 178)
   defining Unicode char U+00B3 (decimal 179)
   defining Unicode char U+00B4 (decimal 180)
   defining Unicode char U+00B5 (decimal 181)
   defining Unicode char U+00B6 (decimal 182)
   defining Unicode char U+00B7 (decimal 183)
   defining Unicode char U+00B9 (decimal 185)
   defining Unicode char U+00BA (decimal 186)
   defining Unicode char U+00BC (decimal 188)
   defining Unicode char U+00BD (decimal 189)
   defining Unicode char U+00BE (decimal 190)
   defining Unicode char U+00D7 (decimal 215)
   defining Unicode char U+00F7 (decimal 247)
   defining Unicode char U+0192 (decimal 402)
   defining Unicode char U+02C7 (decimal 711)
   defining Unicode char U+02D8 (decimal 728)
   defining Unicode char U+02DD (decimal 733)
   defining Unicode char U+0E3F (decimal 3647)
   defining Unicode char U+2016 (decimal 8214)
   defining Unicode char U+2020 (decimal 8224)
   defining Unicode char U+2021 (decimal 8225)
   defining Unicode char U+2022 (decimal 8226)
   defining Unicode char U+2030 (decimal 8240)
   defining Unicode char U+2031 (decimal 8241)
   defining Unicode char U+203B (decimal 8251)
   defining Unicode char U+203D (decimal 8253)
   defining Unicode char U+2044 (decimal 8260)
   defining Unicode char U+204E (decimal 8270)
   defining Unicode char U+2052 (decimal 8274)
   defining Unicode char U+20A1 (decimal 8353)
   defining Unicode char U+20A4 (decimal 8356)
   defining Unicode char U+20A6 (decimal 8358)
   defining Unicode char U+20A9 (decimal 8361)
   defining Unicode char U+20AB (decimal 8363)
   defining Unicode char U+20AC (decimal 8364)
   defining Unicode char U+20B1 (decimal 8369)
   defining Unicode char U+2103 (decimal 8451)
   defining Unicode char U+2116 (decimal 8470)
   defining Unicode char U+2117 (decimal 8471)
   defining Unicode char U+211E (decimal 8478)
   defining Unicode char U+2120 (decimal 8480)
   defining Unicode char U+2122 (decimal 8482)
   defining Unicode char U+2126 (decimal 8486)
   defining Unicode char U+2127 (decimal 8487)
   defining Unicode char U+212E (decimal 8494)
   defining Unicode char U+2190 (decimal 8592)
   defining Unicode char U+2191 (decimal 8593)
   defining Unicode char U+2192 (decimal 8594)
   defining Unicode char U+2193 (decimal 8595)
   defining Unicode char U+2329 (decimal 9001)
   defining Unicode char U+232A (decimal 9002)
   defining Unicode char U+2422 (decimal 9250)
   defining Unicode char U+25E6 (decimal 9702)
   defining Unicode char U+25EF (decimal 9711)
   defining Unicode char U+266A (decimal 9834)
)
   defining Unicode char U+00A9 (decimal 169)
   defining Unicode char U+00AA (decimal 170)
   defining Unicode char U+00AE (decimal 174)
   defining Unicode char U+00BA (decimal 186)
   defining Unicode char U+02C6 (decimal 710)
   defining Unicode char U+02DC (decimal 732)
   defining Unicode char U+200C (decimal 8204)
   defining Unicode char U+2026 (decimal 8230)
   defining Unicode char U+2122 (decimal 8482)
   defining Unicode char U+2423 (decimal 9251)
))
(D:\Application\Ctex\MiKTeX\tex\latex\cjk\CJK.sty
Package: CJK 2008/12/29 4.8.2

(D:\Application\Ctex\MiKTeX\tex\latex\cjk\mule\MULEenc.sty
Package: MULEenc 2008/12/29 4.8.2
)
(D:\Application\Ctex\MiKTeX\tex\latex\cjk\CJK.enc
File: CJK.enc 2008/12/29 4.8.2
Now handling font encoding C00 ...
... no UTF-8 mapping file for font encoding C00
Now handling font encoding C05 ...
... no UTF-8 mapping file for font encoding C05
Now handling font encoding C09 ...
... no UTF-8 mapping file for font encoding C09
Now handling font encoding C10 ...
... no UTF-8 mapping file for font encoding C10
Now handling font encoding C20 ...
... no UTF-8 mapping file for font encoding C20
Now handling font encoding C19 ...
... no UTF-8 mapping file for font encoding C19
Now handling font encoding C40 ...
... no UTF-8 mapping file for font encoding C40
Now handling font encoding C42 ...
... no UTF-8 mapping file for font encoding C42
Now handling font encoding C43 ...
... no UTF-8 mapping file for font encoding C43
Now handling font encoding C50 ...
... no UTF-8 mapping file for font encoding C50
Now handling font encoding C52 ...
... no UTF-8 mapping file for font encoding C52
Now handling font encoding C49 ...
... no UTF-8 mapping file for font encoding C49
Now handling font encoding C60 ...
... no UTF-8 mapping file for font encoding C60
Now handling font encoding C61 ...
... no UTF-8 mapping file for font encoding C61
Now handling font encoding C63 ...
... no UTF-8 mapping file for font encoding C63
Now handling font encoding C64 ...
... no UTF-8 mapping file for font encoding C64
Now handling font encoding C65 ...
... no UTF-8 mapping file for font encoding C65
Now handling font encoding C70 ...
... no UTF-8 mapping file for font encoding C70
Now handling font encoding C31 ...
... no UTF-8 mapping file for font encoding C31
Now handling font encoding C32 ...
... no UTF-8 mapping file for font encoding C32
Now handling font encoding C33 ...
... no UTF-8 mapping file for font encoding C33
Now handling font encoding C34 ...
... no UTF-8 mapping file for font encoding C34
Now handling font encoding C35 ...
... no UTF-8 mapping file for font encoding C35
Now handling font encoding C36 ...
... no UTF-8 mapping file for font encoding C36
Now handling font encoding C37 ...
... no UTF-8 mapping file for font encoding C37
Now handling font encoding C80 ...
... no UTF-8 mapping file for font encoding C80
Now handling font encoding C81 ...
... no UTF-8 mapping file for font encoding C81
Now handling font encoding C01 ...
... no UTF-8 mapping file for font encoding C01
Now handling font encoding C11 ...
... no UTF-8 mapping file for font encoding C11
Now handling font encoding C21 ...
... no UTF-8 mapping file for font encoding C21
Now handling font encoding C41 ...
... no UTF-8 mapping file for font encoding C41
Now handling font encoding C62 ...
... no UTF-8 mapping file for font encoding C62
)
LaTeX Info: Redefining \selectfont on input line 756.
\CJK@indent=\box35
)
(D:\Application\Ctex\MiKTeX\tex\latex\base\fontenc.sty
Package: fontenc 2005/09/27 v1.99g Standard LaTeX package
))
(D:\Application\Ctex\CTeX\tex\latex\CJKpunct\CJKpunct.sty
Package: CJKpunct 2010/02/21 4.8.2-2
\CJKpunct@cnta=\count161
\CJKpunct@cntb=\count162
\CJKpunct@cntc=\count163
\CJKpunct@cntd=\count164
\CJKpunct@cnte=\count165
   defining Unicode char U+2018 (decimal 8216)
   defining Unicode char U+2019 (decimal 8217)
   defining Unicode char U+201C (decimal 8220)
   defining Unicode char U+201D (decimal 8221)
   defining Unicode char U+2014 (decimal 8212)
   defining Unicode char U+2026 (decimal 8230)

(D:\Application\Ctex\CTeX\tex\latex\CJKpunct\CJKpunct.spa))
(D:\Application\Ctex\MiKTeX\tex\latex\ctex\engine\ctex-cjk-common.def
(D:\Application\Ctex\CTeX\tex\latex\CJK\CJKfntef.sty
Package: CJKfntef 2008/12/29 4.8.2

(D:\Application\Ctex\MiKTeX\tex\latex\cjk\CJKulem.sty
Package: CJKulem 2008/12/29 4.8.2

(D:\Application\Ctex\MiKTeX\tex\latex\ulem\ulem.sty
\UL@box=\box36
\UL@hyphenbox=\box37
\UL@skip=\skip58
\UL@hook=\toks17
\UL@height=\dimen138
\UL@pe=\count166
\UL@pixel=\dimen139
\ULC@box=\box38
Package: ulem 2011/03/18
\ULdepth=\dimen140
)
\UL@lastkern=\dimen141
\CJK@skip=\skip59
)
\CJK@fntefSkip=\skip60
\CJK@nest=\count167
\CJK@fntefDimen=\dimen142
\CJK@underdotBox=\box39
\CJK@ULbox=\box40
\CJK@underanyskip=\dimen143
)
\ccwd=\dimen144
)
(D:\Application\Ctex\MiKTeX\tex\latex\ctex\fontset\ctex-cjk-winfonts.def
(D:\Application\Ctex\MiKTeX\tex\generic\zhmetrics\zhwinfonts.tex
(D:\Application\Ctex\MiKTeX\tex\generic\oberdiek\ifpdf.sty
Package ifpdf Info: The package is already loaded, stopped on input line 64.
){D:/Application/Ctex/UserData/pdftex/config/pdftex.map{Unicode.sfd}{UGBK.sfd}}
)))
\CTEX@q=\count168
\CTEX@r=\count169
)
(D:\Application\Ctex\MiKTeX\tex\latex\ctex\def\ctex-caption.def)
(D:\Application\Ctex\MiKTeX\tex\latex\ctex\def\ctex-class.def)
(D:\Application\Ctex\MiKTeX\tex\latex\ctex\def\ctex-book.def))
(D:\Application\Ctex\MiKTeX\tex\latex\ctex\def\ctex-utf8.def)
(D:\Application\Ctex\MiKTeX\tex\latex\ctex\cfg\ctexcap.cfg
(D:\Application\Ctex\MiKTeX\tex\latex\ctex\cfg\ctexcap-utf8.cfg))
(D:\Application\Ctex\MiKTeX\tex\latex\ctex\cfg\ctex.cfg)
(D:\Application\Ctex\MiKTeX\tex\latex\ams\math\amsmath.sty
Package: amsmath 2000/07/18 v2.13 AMS math features
\@mathmargin=\skip61

For additional information on amsmath, use the `?' option.
(D:\Application\Ctex\MiKTeX\tex\latex\ams\math\amstext.sty
Package: amstext 2000/06/29 v2.01

(D:\Application\Ctex\MiKTeX\tex\latex\ams\math\amsgen.sty
File: amsgen.sty 1999/11/30 v2.0
\@emptytoks=\toks18
\ex@=\dimen145
))
(D:\Application\Ctex\MiKTeX\tex\latex\ams\math\amsbsy.sty
Package: amsbsy 1999/11/29 v1.2d
\pmbraise@=\dimen146
)
(D:\Application\Ctex\MiKTeX\tex\latex\ams\math\amsopn.sty
Package: amsopn 1999/12/14 v2.01 operator names
)
\inf@bad=\count170
LaTeX Info: Redefining \frac on input line 211.
\uproot@=\count171
\leftroot@=\count172
LaTeX Info: Redefining \overline on input line 307.
\classnum@=\count173
\DOTSCASE@=\count174
LaTeX Info: Redefining \ldots on input line 379.
LaTeX Info: Redefining \dots on input line 382.
LaTeX Info: Redefining \cdots on input line 467.
\Mathstrutbox@=\box41
\strutbox@=\box42
\big@size=\dimen147
LaTeX Font Info:    Redeclaring font encoding OML on input line 567.
LaTeX Font Info:    Redeclaring font encoding OMS on input line 568.
\macc@depth=\count175
\c@MaxMatrixCols=\count176
\dotsspace@=\muskip10
\c@parentequation=\count177
\dspbrk@lvl=\count178
\tag@help=\toks19
\row@=\count179
\column@=\count180
\maxfields@=\count181
\andhelp@=\toks20
\eqnshift@=\dimen148
\alignsep@=\dimen149
\tagshift@=\dimen150
\tagwidth@=\dimen151
\totwidth@=\dimen152
\lineht@=\dimen153
\@envbody=\toks21
\multlinegap=\skip62
\multlinetaggap=\skip63
\mathdisplay@stack=\toks22
LaTeX Info: Redefining \[ on input line 2666.
LaTeX Info: Redefining \] on input line 2667.
)
(D:\Application\Ctex\MiKTeX\tex\latex\ams\classes\amsthm.sty
Package: amsthm 2004/08/06 v2.20
\thm@style=\toks23
\thm@bodyfont=\toks24
\thm@headfont=\toks25
\thm@notefont=\toks26
\thm@headpunct=\toks27
\thm@preskip=\skip64
\thm@postskip=\skip65
\thm@headsep=\skip66
\dth@everypar=\toks28
)
(D:\Application\Ctex\MiKTeX\tex\latex\amsfonts\amsfonts.sty
Package: amsfonts 2009/06/22 v3.00 Basic AMSFonts support
\symAMSa=\mathgroup4
\symAMSb=\mathgroup5
LaTeX Font Info:    Overwriting math alphabet `\mathfrak' in version `bold'
(Font)                  U/euf/m/n --> U/euf/b/n on input line 96.
)
(D:\Application\Ctex\MiKTeX\tex\latex\amsfonts\amssymb.sty
Package: amssymb 2009/06/22 v3.00
)
(D:\Application\Ctex\MiKTeX\tex\latex\tools\bm.sty
Package: bm 2004/02/26 v1.1c Bold Symbol Support (DPC/FMi)
\symboldoperators=\mathgroup6
\symboldletters=\mathgroup7
\symboldsymbols=\mathgroup8
LaTeX Font Info:    Redeclaring math alphabet \mathbf on input line 138.
LaTeX Info: Redefining \bm on input line 204.
)
(D:\Application\Ctex\MiKTeX\tex\latex\extarrows\extarrows.sty
Package: extarrows 2008/05/15 v1.0b Some extensible arrows
)
(D:\Application\Ctex\MiKTeX\tex\latex\cmap\cmap.sty
Package: cmap 2008/03/06 v1.0h CMap support: searchable PDF


Package cmap Warning: fontenc already loaded - some fonts may be unprocessed.

) (D:\Application\Ctex\MiKTeX\tex\latex\graphics\graphicx.sty
Package: graphicx 1999/02/16 v1.0f Enhanced LaTeX Graphics (DPC,SPQR)
\Gin@req@height=\dimen154
\Gin@req@width=\dimen155
)
(D:\Application\Ctex\MiKTeX\tex\latex\listings\listings.sty
\lst@mode=\count182
\lst@gtempboxa=\box43
\lst@token=\toks29
\lst@length=\count183
\lst@currlwidth=\dimen156
\lst@column=\count184
\lst@pos=\count185
\lst@lostspace=\dimen157
\lst@width=\dimen158
\lst@newlines=\count186
\lst@lineno=\count187
\lst@maxwidth=\dimen159

(D:\Application\Ctex\MiKTeX\tex\latex\listings\lstmisc.sty
File: lstmisc.sty 2007/02/22 1.4 (Carsten Heinz)
\c@lstnumber=\count188
\lst@skipnumbers=\count189
\lst@framebox=\box44
)
(D:\Application\Ctex\MiKTeX\tex\latex\listings\listings.cfg
File: listings.cfg 2007/02/22 1.4 listings configuration
))
Package: listings 2007/02/22 1.4 (Carsten Heinz)

(D:\Application\Ctex\MiKTeX\tex\latex\xcolor\xcolor.sty
Package: xcolor 2007/01/21 v2.11 LaTeX color extensions (UK)

(D:\Application\Ctex\MiKTeX\tex\latex\00miktex\color.cfg
File: color.cfg 2007/01/18 v1.5 color configuration of teTeX/TeXLive
)
Package xcolor Info: Driver file: pdftex.def on input line 225.
LaTeX Info: Redefining \color on input line 702.
Package xcolor Info: Model `cmy' substituted by `cmy0' on input line 1337.
Package xcolor Info: Model `hsb' substituted by `rgb' on input line 1341.
Package xcolor Info: Model `RGB' extended on input line 1353.
Package xcolor Info: Model `HTML' substituted by `rgb' on input line 1355.
Package xcolor Info: Model `Hsb' substituted by `hsb' on input line 1356.
Package xcolor Info: Model `tHsb' substituted by `hsb' on input line 1357.
Package xcolor Info: Model `HSB' substituted by `hsb' on input line 1358.
Package xcolor Info: Model `Gray' substituted by `gray' on input line 1359.
Package xcolor Info: Model `wave' substituted by `hsb' on input line 1360.
)
(D:\Application\Ctex\MiKTeX\tex\latex\wrapfig\wrapfig.sty
\wrapoverhang=\dimen160
\WF@size=\dimen161
\c@WF@wrappedlines=\count190
\WF@box=\box45
\WF@everypar=\toks30
Package: wrapfig 2003/01/31  v 3.6
)
(D:\Application\Ctex\MiKTeX\tex\latex\natbib\natbib.sty
Package: natbib 2010/09/13 8.31b (PWD, AO)
\bibhang=\skip67
\bibsep=\skip68
LaTeX Info: Redefining \cite on input line 694.
\c@NAT@ctr=\count191
)
(D:\Application\Ctex\MiKTeX\tex\latex\hyperref\hyperref.sty
Package: hyperref 2012/02/06 v6.82o Hypertext links for LaTeX

(D:\Application\Ctex\MiKTeX\tex\generic\oberdiek\hobsub-hyperref.sty
Package: hobsub-hyperref 2011/04/23 v1.4 Bundle oberdiek, subset hyperref (HO)

(D:\Application\Ctex\MiKTeX\tex\generic\oberdiek\hobsub-generic.sty
Package: hobsub-generic 2011/04/23 v1.4 Bundle oberdiek, subset generic (HO)
Package: hobsub 2011/04/23 v1.4 Subsetting bundle oberdiek (HO)
Package hobsub Info: Skipping package `infwarerr' (already loaded).
Package hobsub Info: Skipping package `ltxcmds' (already loaded).
Package: ifluatex 2010/03/01 v1.3 Provides the ifluatex switch (HO)
Package ifluatex Info: LuaTeX not detected.
Package: ifvtex 2010/03/01 v1.5 Switches for detecting VTeX and its modes (HO)
Package ifvtex Info: VTeX not detected.
Package: intcalc 2007/09/27 v1.1 Expandable integer calculations (HO)
Package hobsub Info: Skipping package `ifpdf' (already loaded).
Package: etexcmds 2011/02/16 v1.5 Prefix for e-TeX command names (HO)
Package etexcmds Info: Could not find \expanded.
(etexcmds)             That can mean that you are not using pdfTeX 1.50 or
(etexcmds)             that some package has redefined \expanded.
(etexcmds)             In the latter case, load this package earlier.
Package: kvsetkeys 2011/04/07 v1.13 Key value parser (HO)
Package: kvdefinekeys 2011/04/07 v1.3 Defining keys (HO)
Package: pdftexcmds 2011/04/22 v0.16 Utilities of pdfTeX for LuaTeX (HO)
Package pdftexcmds Info: LuaTeX not detected.
Package pdftexcmds Info: \pdf@primitive is available.
Package pdftexcmds Info: \pdf@ifprimitive is available.
Package pdftexcmds Info: \pdfdraftmode found.
Package: pdfescape 2011/04/04 v1.12 Provides string conversions (HO)
Package: bigintcalc 2011/01/30 v1.2 Expandable big integer calculations (HO)
Package: bitset 2011/01/30 v1.1 Data type bit set (HO)
Package: uniquecounter 2011/01/30 v1.2 Provides unlimited unique counter (HO)
)
Package hobsub Info: Skipping package `hobsub' (already loaded).
Package: letltxmacro 2010/09/02 v1.4 Let assignment for LaTeX macros (HO)
Package: hopatch 2011/01/30 v1.0 Wrapper for package hooks (HO)
Package: xcolor-patch 2011/01/30 xcolor patch
Package: atveryend 2011/04/23 v1.7 Hooks at very end of document (HO)
Package: atbegshi 2011/01/30 v1.15 At begin shipout hook (HO)
Package: refcount 2010/12/01 v3.2 Data extraction from references (HO)
Package: hycolor 2011/01/30 v1.7 Color options of hyperref/bookmark (HO)
)
(D:\Application\Ctex\MiKTeX\tex\latex\oberdiek\kvoptions.sty
Package: kvoptions 2010/12/23 v3.10 Keyval support for LaTeX options (HO)
)
\@linkdim=\dimen162
\Hy@linkcounter=\count192
\Hy@pagecounter=\count193

(D:\Application\Ctex\MiKTeX\tex\latex\hyperref\pd1enc.def
File: pd1enc.def 2012/02/06 v6.82o Hyperref: PDFDocEncoding definition (HO)
Now handling font encoding PD1 ...
... no UTF-8 mapping file for font encoding PD1
)
\Hy@SavedSpaceFactor=\count194

(D:\Application\Ctex\MiKTeX\tex\latex\00miktex\hyperref.cfg
File: hyperref.cfg 2002/06/06 v1.2 hyperref configuration of TeXLive
)
Package hyperref Info: Hyper figures OFF on input line 4046.
Package hyperref Info: Link nesting OFF on input line 4051.
Package hyperref Info: Hyper index ON on input line 4054.
Package hyperref Info: Plain pages OFF on input line 4061.
Package hyperref Info: Backreferencing OFF on input line 4066.
Package hyperref Info: Implicit mode ON; LaTeX internals redefined.
Package hyperref Info: Bookmarks ON on input line 4284.
\c@Hy@tempcnt=\count195

(D:\Application\Ctex\MiKTeX\tex\latex\ltxmisc\url.sty
\Urlmuskip=\muskip11
Package: url 2006/04/12  ver 3.3  Verb mode for urls, etc.
)
LaTeX Info: Redefining \url on input line 4637.
\Fld@menulength=\count196
\Field@Width=\dimen163
\Fld@charsize=\dimen164
Package hyperref Info: Hyper figures OFF on input line 5757.
Package hyperref Info: Link nesting OFF on input line 5762.
Package hyperref Info: Hyper index ON on input line 5765.
Package hyperref Info: backreferencing OFF on input line 5772.
Package hyperref Info: Link coloring OFF on input line 5777.
Package hyperref Info: Link coloring with OCG OFF on input line 5782.
Package hyperref Info: PDF/A mode OFF on input line 5787.
LaTeX Info: Redefining \ref on input line 5827.
LaTeX Info: Redefining \pageref on input line 5831.
\Hy@abspage=\count197
\c@Item=\count198
\c@Hfootnote=\count199
)

Package hyperref Message: Driver: hpdftex.

(D:\Application\Ctex\MiKTeX\tex\latex\hyperref\hpdftex.def
File: hpdftex.def 2012/02/06 v6.82o Hyperref driver for pdfTeX
\Fld@listcount=\count200
\c@bookmark@seq@number=\count201

(D:\Application\Ctex\MiKTeX\tex\latex\oberdiek\rerunfilecheck.sty
Package: rerunfilecheck 2011/04/15 v1.7 Rerun checks for auxiliary files (HO)
Package uniquecounter Info: New unique counter `rerunfilecheck' on input line 2
82.
)
\Hy@SectionHShift=\skip69
)
Package hyperref Info: Option `CJKbookmarks' set `true' on input line 103.
Package hyperref Info: Option `bookmarksnumbered' set `true' on input line 103.

Package hyperref Info: Option `colorlinks' set `true' on input line 103.
Package hyperref Info: Option `plainpages' set `false' on input line 103.


Package Fancyhdr Warning: \fancyhead's `E' option without twoside option is use
less on input line 287.

)
(D:\ÔºàÂçöÂ£´ÔºâÊàëÁöÑËµÑÊñô\Git\fry\Âê¥ÂÆÅÂçö‚Äî‚ÄîÂçöÂ£´Â≠¶‰ΩçËÆ∫Êñá\Âê¥ÂÆÅÂç
ö‚Äî‚ÄîÂçöÂ£´Â≠¶‰ΩçËÆ∫Êñá\CASthesis.cfg
File: CASthesis.cfg 2011/04/06 v0.2 CASthesis configuration file
Normal \count register pool exhausted, switching to extended pool.
\c@algo=\count277
\c@thm=\count278
\c@lemma=\count279
\c@prop=\count280
\c@cor=\count281
\c@defn=\count282
\c@conj=\count283
\c@exmp=\count284
\c@rem=\count285
\c@case=\count286
\c@FAQ=\count287
\c@ANS=\count288
)
(D:\Application\Ctex\MiKTeX\tex\latex\enumitem\enumitem.sty
Package: enumitem 2011/09/28 v3.5.2 Customized lists
\labelindent=\skip70
\enit@outerparindent=\dimen165
\enit@toks=\toks31
\enit@inbox=\box46
\enitdp@description=\count289
)
(D:\Application\Ctex\MiKTeX\tex\latex\setspace\setspace.sty
Package: setspace 2011/12/19 v6.7a set line spacing
)
(D:\Application\Ctex\MiKTeX\tex\latex\subfigure\subfigure.sty
Package: subfigure 2002/07/30 v2.1.4 subfigure package
\subfigtopskip=\skip71
\subfigcapskip=\skip72
\subfigcaptopadj=\dimen166
\subfigbottomskip=\skip73
\subfigcapmargin=\dimen167
\subfiglabelskip=\skip74
\c@subfigure=\count290
\c@lofdepth=\count291
\c@subtable=\count292
\c@lotdepth=\count293

****************************************
* Local config file subfigure.cfg used *
****************************************
(D:\Application\Ctex\MiKTeX\tex\latex\subfigure\subfigure.cfg)
\subfig@top=\skip75
\subfig@bottom=\skip76
)
(D:\Application\Ctex\MiKTeX\tex\latex\booktabs\booktabs.sty
Package: booktabs 2005/04/14 v1.61803 publication quality tables
\heavyrulewidth=\dimen168
\lightrulewidth=\dimen169
\cmidrulewidth=\dimen170
\belowrulesep=\dimen171
\belowbottomsep=\dimen172
\aboverulesep=\dimen173
\abovetopsep=\dimen174
\cmidrulesep=\dimen175
\cmidrulekern=\dimen176
\defaultaddspace=\dimen177
\@cmidla=\count294
\@cmidlb=\count295
\@aboverulesep=\dimen178
\@belowrulesep=\dimen179
\@thisruleclass=\count296
\@lastruleclass=\count297
\@thisrulewidth=\dimen180
)
(D:\Application\Ctex\MiKTeX\tex\latex\psnfss\times.sty
Package: times 2005/04/12 PSNFSS-v9.2a (SPQR) 
)
(D:\Application\Ctex\MiKTeX\tex\latex\psnfss\mathptmx.sty
Package: mathptmx 2005/04/12 PSNFSS-v9.2a Times w/ Math, improved (SPQR, WaS) 
LaTeX Font Info:    Redeclaring symbol font `operators' on input line 28.
LaTeX Font Info:    Overwriting symbol font `operators' in version `normal'
(Font)                  OT1/cmr/m/n --> OT1/ztmcm/m/n on input line 28.
LaTeX Font Info:    Overwriting symbol font `operators' in version `bold'
(Font)                  OT1/cmr/bx/n --> OT1/ztmcm/m/n on input line 28.
LaTeX Font Info:    Redeclaring symbol font `letters' on input line 29.
LaTeX Font Info:    Overwriting symbol font `letters' in version `normal'
(Font)                  OML/cmm/m/it --> OML/ztmcm/m/it on input line 29.
LaTeX Font Info:    Overwriting symbol font `letters' in version `bold'
(Font)                  OML/cmm/b/it --> OML/ztmcm/m/it on input line 29.
LaTeX Font Info:    Redeclaring symbol font `symbols' on input line 30.
LaTeX Font Info:    Overwriting symbol font `symbols' in version `normal'
(Font)                  OMS/cmsy/m/n --> OMS/ztmcm/m/n on input line 30.
LaTeX Font Info:    Overwriting symbol font `symbols' in version `bold'
(Font)                  OMS/cmsy/b/n --> OMS/ztmcm/m/n on input line 30.
LaTeX Font Info:    Redeclaring symbol font `largesymbols' on input line 31.
LaTeX Font Info:    Overwriting symbol font `largesymbols' in version `normal'
(Font)                  OMX/cmex/m/n --> OMX/ztmcm/m/n on input line 31.
LaTeX Font Info:    Overwriting symbol font `largesymbols' in version `bold'
(Font)                  OMX/cmex/m/n --> OMX/ztmcm/m/n on input line 31.
\symbold=\mathgroup9
\symitalic=\mathgroup10
LaTeX Font Info:    Redeclaring math alphabet \mathbf on input line 34.
LaTeX Font Info:    Redeclaring math alphabet \mathit on input line 35.
LaTeX Font Info:    Overwriting math alphabet `\mathit' in version `normal'
(Font)                  OT1/cmr/m/it --> OT1/ptm/m/it on input line 35.
LaTeX Font Info:    Overwriting math alphabet `\mathit' in version `bold'
(Font)                  OT1/cmr/bx/it --> OT1/ptm/m/it on input line 35.
LaTeX Info: Redefining \hbar on input line 50.
)
(D:\Application\Ctex\MiKTeX\tex\latex\caption\caption.sty
Package: caption 2011/11/10 v3.2e Customizing captions (AR)

(D:\Application\Ctex\MiKTeX\tex\latex\caption\caption3.sty
Package: caption3 2011/11/01 v1.4a caption3 kernel (AR)
\captionmargin=\dimen181
\captionmargin@=\dimen182
\captionwidth=\dimen183
\caption@indent=\dimen184
\caption@parindent=\dimen185
\caption@hangindent=\dimen186
Package caption Info: Unknown document class (or package),
(caption)             standard defaults will be used.
)

Package caption Warning: Unsupported document class (or package) detected,
(caption)                usage of the caption package is not recommended.
See the caption package documentation for explanation.

Package caption Info: \@makecaption = \long macro:#1#2->\vskip \abovecaptionski
p \sbox \@tempboxa {#1\CTEX@caption@delimiter #2}\ifdim \wd \@tempboxa >\hsize 
#1\CTEX@caption@delimiter #2\par \else \global \@minipagefalse \hb@xt@ \hsize {
\hfil \box \@tempboxa \hfil }\fi \vskip \belowcaptionskip .
\c@ContinuedFloat=\count298
Package caption Info: hyperref package is loaded.
Package caption Info: listings package is loaded.
Package caption Info: subfigure package is loaded.
Package caption Info: wrapfig package is loaded.
) (D:\Application\Ctex\MiKTeX\tex\latex\ltxmisc\relsize.sty
Package: relsize 2003/07/04 ver 3.1
)
(D:\Application\Ctex\MiKTeX\tex\latex\colortbl\colortbl.sty
Package: colortbl 2001/02/13 v0.1j Color table columns (DPC)

(D:\Application\Ctex\MiKTeX\tex\latex\tools\array.sty
Package: array 2008/09/09 v2.4c Tabular extension package (FMi)
\col@sep=\dimen187
\extrarowheight=\dimen188
\NC@list=\toks32
\extratabsurround=\skip77
\backup@length=\skip78
)
\everycr=\toks33
\minrowclearance=\skip79
)
(D:\Application\Ctex\MiKTeX\tex\latex\tools\enumerate.sty
Package: enumerate 1999/03/05 v3.00 enumerate extensions (DPC)
\@enLab=\toks34
)
(D:\Application\Ctex\MiKTeX\tex\latex\pgf\frontendlayer\tikz.sty
(D:\Application\Ctex\MiKTeX\tex\latex\pgf\basiclayer\pgf.sty
(D:\Application\Ctex\MiKTeX\tex\latex\pgf\utilities\pgfrcs.sty
(D:\Application\Ctex\MiKTeX\tex\generic\pgf\utilities\pgfutil-common.tex
\pgfutil@everybye=\toks35
)
(D:\Application\Ctex\MiKTeX\tex\generic\pgf\utilities\pgfutil-latex.def
\pgfutil@abb=\box47

(D:\Application\Ctex\MiKTeX\tex\latex\ms\everyshi.sty
Package: everyshi 2001/05/15 v3.00 EveryShipout Package (MS)
))
(D:\Application\Ctex\MiKTeX\tex\generic\pgf\utilities\pgfrcs.code.tex
Package: pgfrcs 2010/10/25 v2.10 (rcs-revision 1.24)
))
Package: pgf 2008/01/15 v2.10 (rcs-revision 1.12)

(D:\Application\Ctex\MiKTeX\tex\latex\pgf\basiclayer\pgfcore.sty
(D:\Application\Ctex\MiKTeX\tex\latex\pgf\systemlayer\pgfsys.sty
(D:\Application\Ctex\MiKTeX\tex\generic\pgf\systemlayer\pgfsys.code.tex
Package: pgfsys 2010/06/30 v2.10 (rcs-revision 1.37)

(D:\Application\Ctex\MiKTeX\tex\generic\pgf\utilities\pgfkeys.code.tex
\pgfkeys@pathtoks=\toks36
\pgfkeys@temptoks=\toks37

(D:\Application\Ctex\MiKTeX\tex\generic\pgf\utilities\pgfkeysfiltered.code.tex
\pgfkeys@tmptoks=\toks38
))
\pgf@x=\dimen189
\pgf@y=\dimen190
\pgf@xa=\dimen191
\pgf@ya=\dimen192
\pgf@xb=\dimen193
\pgf@yb=\dimen194
\pgf@xc=\dimen195
\pgf@yc=\dimen196
\w@pgf@writea=\write3
\r@pgf@reada=\read1
\c@pgf@counta=\count299
\c@pgf@countb=\count300
\c@pgf@countc=\count301
\c@pgf@countd=\count302
 (D:\Application\Ctex\MiKTeX\tex\generic\pgf\systemlayer\pgf.cfg
File: pgf.cfg 2008/05/14  (rcs-revision 1.7)
)
Package pgfsys Info: Driver file for pgf: pgfsys-pdftex.def on input line 900.

(D:\Application\Ctex\MiKTeX\tex\generic\pgf\systemlayer\pgfsys-pdftex.def
File: pgfsys-pdftex.def 2009/05/22  (rcs-revision 1.26)

(D:\Application\Ctex\MiKTeX\tex\generic\pgf\systemlayer\pgfsys-common-pdf.def
File: pgfsys-common-pdf.def 2008/05/19  (rcs-revision 1.10)
)))
(D:\Application\Ctex\MiKTeX\tex\generic\pgf\systemlayer\pgfsyssoftpath.code.tex
File: pgfsyssoftpath.code.tex 2008/07/18  (rcs-revision 1.7)
\pgfsyssoftpath@smallbuffer@items=\count303
\pgfsyssoftpath@bigbuffer@items=\count304
)
(D:\Application\Ctex\MiKTeX\tex\generic\pgf\systemlayer\pgfsysprotocol.code.tex
File: pgfsysprotocol.code.tex 2006/10/16  (rcs-revision 1.4)
)) (D:\Application\Ctex\MiKTeX\tex\generic\pgf\basiclayer\pgfcore.code.tex
Package: pgfcore 2010/04/11 v2.10 (rcs-revision 1.7)

(D:\Application\Ctex\MiKTeX\tex\generic\pgf\math\pgfmath.code.tex
(D:\Application\Ctex\MiKTeX\tex\generic\pgf\math\pgfmathcalc.code.tex
(D:\Application\Ctex\MiKTeX\tex\generic\pgf\math\pgfmathutil.code.tex)
(D:\Application\Ctex\MiKTeX\tex\generic\pgf\math\pgfmathparser.code.tex
\pgfmath@dimen=\dimen197
\pgfmath@count=\count305
\pgfmath@box=\box48
\pgfmath@toks=\toks39
\pgfmath@stack@operand=\toks40
\pgfmath@stack@operation=\toks41
)
(D:\Application\Ctex\MiKTeX\tex\generic\pgf\math\pgfmathfunctions.code.tex
(D:\Application\Ctex\MiKTeX\tex\generic\pgf\math\pgfmathfunctions.basic.code.te
x)
(D:\Application\Ctex\MiKTeX\tex\generic\pgf\math\pgfmathfunctions.trigonometric
.code.tex)
(D:\Application\Ctex\MiKTeX\tex\generic\pgf\math\pgfmathfunctions.random.code.t
ex)
(D:\Application\Ctex\MiKTeX\tex\generic\pgf\math\pgfmathfunctions.comparison.co
de.tex)
(D:\Application\Ctex\MiKTeX\tex\generic\pgf\math\pgfmathfunctions.base.code.tex
)
(D:\Application\Ctex\MiKTeX\tex\generic\pgf\math\pgfmathfunctions.round.code.te
x)
(D:\Application\Ctex\MiKTeX\tex\generic\pgf\math\pgfmathfunctions.misc.code.tex
))) (D:\Application\Ctex\MiKTeX\tex\generic\pgf\math\pgfmathfloat.code.tex
\c@pgfmathroundto@lastzeros=\count306
))
(D:\Application\Ctex\MiKTeX\tex\generic\pgf\basiclayer\pgfcorepoints.code.tex
File: pgfcorepoints.code.tex 2010/04/09  (rcs-revision 1.20)
\pgf@picminx=\dimen198
\pgf@picmaxx=\dimen199
\pgf@picminy=\dimen200
\pgf@picmaxy=\dimen201
Normal \dimen register pool exhausted, switching to extended pool.
\pgf@pathminx=\dimen256
\pgf@pathmaxx=\dimen257
\pgf@pathminy=\dimen258
\pgf@pathmaxy=\dimen259
\pgf@xx=\dimen260
\pgf@xy=\dimen261
\pgf@yx=\dimen262
\pgf@yy=\dimen263
\pgf@zx=\dimen264
\pgf@zy=\dimen265
)
(D:\Application\Ctex\MiKTeX\tex\generic\pgf\basiclayer\pgfcorepathconstruct.cod
e.tex
File: pgfcorepathconstruct.code.tex 2010/08/03  (rcs-revision 1.24)
\pgf@path@lastx=\dimen266
\pgf@path@lasty=\dimen267
)
(D:\Application\Ctex\MiKTeX\tex\generic\pgf\basiclayer\pgfcorepathusage.code.te
x
File: pgfcorepathusage.code.tex 2008/04/22  (rcs-revision 1.12)
\pgf@shorten@end@additional=\dimen268
\pgf@shorten@start@additional=\dimen269
)
(D:\Application\Ctex\MiKTeX\tex\generic\pgf\basiclayer\pgfcorescopes.code.tex
File: pgfcorescopes.code.tex 2010/09/08  (rcs-revision 1.34)
\pgfpic=\box49
\pgf@hbox=\box50
\pgf@layerbox@main=\box51
\pgf@picture@serial@count=\count307
)
(D:\Application\Ctex\MiKTeX\tex\generic\pgf\basiclayer\pgfcoregraphicstate.code
.tex
File: pgfcoregraphicstate.code.tex 2008/04/22  (rcs-revision 1.9)
\pgflinewidth=\dimen270
)
(D:\Application\Ctex\MiKTeX\tex\generic\pgf\basiclayer\pgfcoretransformations.c
ode.tex
File: pgfcoretransformations.code.tex 2009/06/10  (rcs-revision 1.11)
\pgf@pt@x=\dimen271
\pgf@pt@y=\dimen272
\pgf@pt@temp=\dimen273
)
(D:\Application\Ctex\MiKTeX\tex\generic\pgf\basiclayer\pgfcorequick.code.tex
File: pgfcorequick.code.tex 2008/10/09  (rcs-revision 1.3)
)
(D:\Application\Ctex\MiKTeX\tex\generic\pgf\basiclayer\pgfcoreobjects.code.tex
File: pgfcoreobjects.code.tex 2006/10/11  (rcs-revision 1.2)
)
(D:\Application\Ctex\MiKTeX\tex\generic\pgf\basiclayer\pgfcorepathprocessing.co
de.tex
File: pgfcorepathprocessing.code.tex 2008/10/09  (rcs-revision 1.8)
)
(D:\Application\Ctex\MiKTeX\tex\generic\pgf\basiclayer\pgfcorearrows.code.tex
File: pgfcorearrows.code.tex 2008/04/23  (rcs-revision 1.11)
)
(D:\Application\Ctex\MiKTeX\tex\generic\pgf\basiclayer\pgfcoreshade.code.tex
File: pgfcoreshade.code.tex 2008/11/23  (rcs-revision 1.13)
\pgf@max=\dimen274
\pgf@sys@shading@range@num=\count308
)
(D:\Application\Ctex\MiKTeX\tex\generic\pgf\basiclayer\pgfcoreimage.code.tex
File: pgfcoreimage.code.tex 2010/03/25  (rcs-revision 1.16)

(D:\Application\Ctex\MiKTeX\tex\generic\pgf\basiclayer\pgfcoreexternal.code.tex
File: pgfcoreexternal.code.tex 2010/09/01  (rcs-revision 1.17)
\pgfexternal@startupbox=\box52
))
(D:\Application\Ctex\MiKTeX\tex\generic\pgf\basiclayer\pgfcorelayers.code.tex
File: pgfcorelayers.code.tex 2010/08/27  (rcs-revision 1.2)
)
(D:\Application\Ctex\MiKTeX\tex\generic\pgf\basiclayer\pgfcoretransparency.code
.tex
File: pgfcoretransparency.code.tex 2008/01/17  (rcs-revision 1.2)
)
(D:\Application\Ctex\MiKTeX\tex\generic\pgf\basiclayer\pgfcorepatterns.code.tex
File: pgfcorepatterns.code.tex 2009/07/02  (rcs-revision 1.3)
)))
(D:\Application\Ctex\MiKTeX\tex\generic\pgf\modules\pgfmoduleshapes.code.tex
File: pgfmoduleshapes.code.tex 2010/09/09  (rcs-revision 1.13)
\pgfnodeparttextbox=\box53
)
(D:\Application\Ctex\MiKTeX\tex\generic\pgf\modules\pgfmoduleplot.code.tex
File: pgfmoduleplot.code.tex 2010/10/22  (rcs-revision 1.8)
)
(D:\Application\Ctex\MiKTeX\tex\latex\pgf\compatibility\pgfcomp-version-0-65.st
y
Package: pgfcomp-version-0-65 2007/07/03 v2.10 (rcs-revision 1.7)
\pgf@nodesepstart=\dimen275
\pgf@nodesepend=\dimen276
)
(D:\Application\Ctex\MiKTeX\tex\latex\pgf\compatibility\pgfcomp-version-1-18.st
y
Package: pgfcomp-version-1-18 2007/07/23 v2.10 (rcs-revision 1.1)
)) (D:\Application\Ctex\MiKTeX\tex\latex\pgf\utilities\pgffor.sty
(D:\Application\Ctex\MiKTeX\tex\latex\pgf\utilities\pgfkeys.sty
(D:\Application\Ctex\MiKTeX\tex\generic\pgf\utilities\pgfkeys.code.tex))
(D:\Application\Ctex\MiKTeX\tex\generic\pgf\utilities\pgffor.code.tex
Package: pgffor 2010/03/23 v2.10 (rcs-revision 1.18)
\pgffor@iter=\dimen277
\pgffor@skip=\dimen278
\pgffor@stack=\toks42
\pgffor@toks=\toks43
))
(D:\Application\Ctex\MiKTeX\tex\generic\pgf\frontendlayer\tikz\tikz.code.tex
Package: tikz 2010/10/13 v2.10 (rcs-revision 1.76)

(D:\Application\Ctex\MiKTeX\tex\generic\pgf\libraries\pgflibraryplothandlers.co
de.tex
File: pgflibraryplothandlers.code.tex 2010/05/31 v2.10 (rcs-revision 1.15)
\pgf@plot@mark@count=\count309
\pgfplotmarksize=\dimen279
)
\tikz@lastx=\dimen280
\tikz@lasty=\dimen281
\tikz@lastxsaved=\dimen282
\tikz@lastysaved=\dimen283
\tikzleveldistance=\dimen284
\tikzsiblingdistance=\dimen285
\tikz@figbox=\box54
\tikz@tempbox=\box55
\tikztreelevel=\count310
\tikznumberofchildren=\count311
\tikznumberofcurrentchild=\count312
\tikz@fig@count=\count313

(D:\Application\Ctex\MiKTeX\tex\generic\pgf\modules\pgfmodulematrix.code.tex
File: pgfmodulematrix.code.tex 2010/08/24  (rcs-revision 1.4)
\pgfmatrixcurrentrow=\count314
\pgfmatrixcurrentcolumn=\count315
\pgf@matrix@numberofcolumns=\count316
)
\tikz@expandcount=\count317

(D:\Application\Ctex\MiKTeX\tex\generic\pgf\frontendlayer\tikz\libraries\tikzli
brarytopaths.code.tex
File: tikzlibrarytopaths.code.tex 2008/06/17 v2.10 (rcs-revision 1.2)
))) (D:\Application\Ctex\MiKTeX\tex\latex\pbox\pbox.sty
Package: pbox 2011/12/07 v1.2 Dynamic parboxes

(D:\Application\Ctex\MiKTeX\tex\latex\tools\calc.sty
Package: calc 2007/08/22 v4.3 Infix arithmetic (KKT,FJ)
\calc@Acount=\count318
\calc@Bcount=\count319
\calc@Adimen=\dimen286
\calc@Bdimen=\dimen287
\calc@Askip=\skip80
\calc@Bskip=\skip81
LaTeX Info: Redefining \setlength on input line 76.
LaTeX Info: Redefining \addtolength on input line 77.
\calc@Ccount=\count320
\calc@Cskip=\skip82
)
(D:\Application\Ctex\MiKTeX\tex\latex\base\ifthen.sty
Package: ifthen 2001/05/26 v1.1c Standard LaTeX ifthen package (DPC)
)
\pb@xlen=\skip83
)
(D:\Application\Ctex\MiKTeX\tex\latex\rotating\rotating.sty
Package: rotating 2009/03/28 v2.16a rotated objects in LaTeX
\c@r@tfl@t=\count321
\rotFPtop=\skip84
\rotFPbot=\skip85
\rot@float@box=\box56
\rot@mess@toks=\toks44
)
(D:\Application\Ctex\MiKTeX\tex\latex\multirow\multirow.sty
\bigstrutjot=\dimen288
)
(D:\Application\Ctex\MiKTeX\tex\latex\preprint\balance.sty
Package: balance 1999/02/23 4.3 (PWD)
\oldvsize=\dimen289
)
(D:\Application\Ctex\MiKTeX\tex\latex\tablefootnote\tablefootnote.sty
Package: tablefootnote 2012/01/14 v1.0g Table foot notes (HMM)
)
(D:\Application\Ctex\MiKTeX\tex\latex\oberdiek\epstopdf.sty
Package: epstopdf 2010/02/09 v2.5 Conversion with epstopdf on the fly (HO)

(D:\Application\Ctex\MiKTeX\tex\latex\oberdiek\epstopdf-base.sty
Package: epstopdf-base 2010/02/09 v2.5 Base part for package epstopdf

(D:\Application\Ctex\MiKTeX\tex\latex\oberdiek\grfext.sty
Package: grfext 2010/08/19 v1.1 Managing graphics extensions (HO)
)
Package grfext Info: Graphics extension search list:
(grfext)             [.pdf,.png,.jpg,.eps]
(grfext)             \AppendGraphicsExtensions on input line 452.
))
(D:\Application\Ctex\MiKTeX\tex\latex\graphics\epsfig.sty
Package: epsfig 1999/02/16 v1.7a (e)psfig emulation (SPQR)
\epsfxsize=\dimen290
\epsfysize=\dimen291
)
(D:\Application\Ctex\MiKTeX\tex\latex\cleveref\cleveref.sty
Package: cleveref 2012/02/15{} v0.18.4{} Intelligent cross-referencing
Package cleveref Info: `hyperref' support loaded on input line 2166.
LaTeX Info: Redefining \cref on input line 2166.
LaTeX Info: Redefining \Cref on input line 2166.
LaTeX Info: Redefining \crefrange on input line 2166.
LaTeX Info: Redefining \Crefrange on input line 2166.
LaTeX Info: Redefining \cpageref on input line 2166.
LaTeX Info: Redefining \Cpageref on input line 2166.
LaTeX Info: Redefining \cpagerefrange on input line 2166.
LaTeX Info: Redefining \Cpagerefrange on input line 2166.
LaTeX Info: Redefining \labelcref on input line 2166.
LaTeX Info: Redefining \labelcpageref on input line 2166.
Package cleveref Info: `amsthm' support loaded on input line 2581.
Package cleveref Info: `listings' support loaded on input line 2843.
Package cleveref Info: loaded `english' language definitions on input line 6732
.
)
(D:\Application\Ctex\MiKTeX\tex\latex\arydshln\arydshln.sty
Package: arydshln 2004/08/31 v1.71 
\dashlinedash=\dimen292
\dashlinegap=\dimen293
\adl@box=\box57
\adl@height=\dimen294
\adl@heightsave=\dimen295
\adl@depth=\dimen296
\adl@depthsave=\dimen297
\adl@finaldepth=\dimen298
\adl@columns=\count322
\adl@ncol=\count323
\adl@currentcolumn=\count324
\adl@currentcolumnsave=\count325
\adl@totalheight=\count326
\adl@totalheightsave=\count327
\adl@dash=\count328
\adl@gap=\count329
\adl@cla=\count330
\adl@clb=\count331
\adl@everyvbox=\toks45
\adl@LTpagetotal=\dimen299
)
(D:\ÔºàÂçöÂ£´ÔºâÊàëÁöÑËµÑÊñô\Git\fry\Âê¥ÂÆÅÂçö‚Äî‚ÄîÂçöÂ£´Â≠¶‰ΩçËÆ∫Êñá\Âê¥ÂÆÅÂç
ö‚Äî‚ÄîÂçöÂ£´Â≠¶‰ΩçËÆ∫Êñá\gbt7714.sty
Package: gbt7714 2019/03/21 v1.1.1 GB/T 7714-2015 BibTeX Style
)
(D:\Application\Ctex\MiKTeX\tex\latex\algorithms\algorithmic.sty
Package: algorithmic 2009/08/24 v0.1 Document Style `algorithmic'
\c@ALC@unique=\count332
\c@ALC@line=\count333
\c@ALC@rem=\count334
\c@ALC@depth=\count335
\ALC@tlm=\skip86
\algorithmicindent=\skip87
)
(D:\Application\Ctex\MiKTeX\tex\latex\algorithms\algorithm.sty
Package: algorithm 2009/08/24 v0.1 Document Style `algorithm' - floating enviro
nment

(D:\Application\Ctex\MiKTeX\tex\latex\float\float.sty
Package: float 2001/11/08 v1.3d Float enhancements (AL)
\c@float@type=\count336
\float@exts=\toks46
\float@box=\box58
\@float@everytoks=\toks47
\@floatcapt=\box59
)
\@float@every@algorithm=\toks48
\c@algorithm=\count337
)
(D:\Application\Ctex\MiKTeX\tex\latex\makecell\makecell.sty
Package: makecell 2009/08/03 V0.1e Managing of Tab Column Heads and Cells
\rotheadsize=\dimen300
\c@nlinenum=\count338
\TeXr@lab=\toks49
)
(D:\Application\Ctex\MiKTeX\tex\latex\blkarray\blkarray.sty
\c@BAenumi=\count339
\BA@col=\count340
\BA@block@cnt=\count341
\BA@final@box=\box60
\BA@colsep=\dimen301
\BA@ftn=\toks50
\BAextrarowheight=\dimen302
\BAextraheightafterhline=\dimen303
\BAarrayrulewidth=\dimen304
\BAdoublerulesep=\dimen305
\BAfootskip=\dimen306
\BA@dashbox=\box61
\BA@ddashbox=\box62
)
(D:\Application\Ctex\MiKTeX\tex\latex\geometry\geometry.sty
Package: geometry 2010/09/12 v5.6 Page Geometry
\Gm@cnth=\count342
\Gm@cntv=\count343
\c@Gm@tempcnt=\count344
\Gm@bindingoffset=\dimen307
\Gm@wd@mp=\dimen308
\Gm@odd@mp=\dimen309
\Gm@even@mp=\dimen310
\Gm@layoutwidth=\dimen311
\Gm@layoutheight=\dimen312
\Gm@layouthoffset=\dimen313
\Gm@layoutvoffset=\dimen314
\Gm@dimlist=\toks51

(D:\Application\Ctex\MiKTeX\tex\latex\geometry\geometry.cfg))

Package amsthm Warning: Unknown theoremstyle `THrm' on input line 72.

\c@question=\count345
\c@problem=\count346
\c@property=\count347
\c@assumption=\count348
(D:\Application\Ctex\MiKTeX\tex\latex\nomencl\nomencl.sty
Package: nomencl 2005/09/22 v4.2 Nomenclature package (LN)
\nomlabelwidth=\dimen315
\nom@tempdim=\dimen316
\nomitemsep=\skip88
)
\@nomenclaturefile=\write4

Writing nomenclature file Â∑ÆÂàÜÈöêÁßÅÂùáË°°‰ºòÂåñÊ®°Âûã‰∏éÁÆóÊ≥ïÁ†îÁ©∂.nlo

(D:\ÔºàÂçöÂ£´ÔºâÊàëÁöÑËµÑÊñô\Git\fry\Âê¥ÂÆÅÂçö‚Äî‚ÄîÂçöÂ£´Â≠¶‰ΩçËÆ∫Êñá\Âê¥ÂÆÅÂç
ö‚Äî‚ÄîÂçöÂ£´Â≠¶‰ΩçËÆ∫Êñá\Â∑ÆÂàÜÈöêÁßÅÂùáË°°‰ºòÂåñÊ®°Âûã‰∏éÁÆóÊ≥ïÁ†îÁ©∂.aux)
LaTeX Font Info:    Checking defaults for OML/cmm/m/it on input line 99.
LaTeX Font Info:    ... okay on input line 99.
LaTeX Font Info:    Checking defaults for T1/cmr/m/n on input line 99.
LaTeX Font Info:    ... okay on input line 99.
LaTeX Font Info:    Checking defaults for OT1/cmr/m/n on input line 99.
LaTeX Font Info:    ... okay on input line 99.
LaTeX Font Info:    Checking defaults for OMS/cmsy/m/n on input line 99.
LaTeX Font Info:    ... okay on input line 99.
LaTeX Font Info:    Checking defaults for OMX/cmex/m/n on input line 99.
LaTeX Font Info:    ... okay on input line 99.
LaTeX Font Info:    Checking defaults for U/cmr/m/n on input line 99.
LaTeX Font Info:    ... okay on input line 99.
LaTeX Font Info:    Checking defaults for TS1/cmr/m/n on input line 99.
LaTeX Font Info:    ... okay on input line 99.
LaTeX Font Info:    Checking defaults for C00/song/m/n on input line 99.
LaTeX Font Info:    ... okay on input line 99.
LaTeX Font Info:    Checking defaults for C05/song/m/n on input line 99.
LaTeX Font Info:    ... okay on input line 99.
LaTeX Font Info:    Checking defaults for C09/song/m/n on input line 99.
LaTeX Font Info:    ... okay on input line 99.
LaTeX Font Info:    Checking defaults for C10/song/m/n on input line 99.
LaTeX Font Info:    ... okay on input line 99.
LaTeX Font Info:    Checking defaults for C20/song/m/n on input line 99.
LaTeX Font Info:    ... okay on input line 99.
LaTeX Font Info:    Checking defaults for C19/song/m/n on input line 99.
LaTeX Font Info:    ... okay on input line 99.
LaTeX Font Info:    Checking defaults for C40/song/m/n on input line 99.
LaTeX Font Info:    ... okay on input line 99.
LaTeX Font Info:    Checking defaults for C42/song/m/n on input line 99.
LaTeX Font Info:    ... okay on input line 99.
LaTeX Font Info:    Checking defaults for C43/song/m/n on input line 99.
LaTeX Font Info:    ... okay on input line 99.
LaTeX Font Info:    Checking defaults for C50/song/m/n on input line 99.
LaTeX Font Info:    ... okay on input line 99.
LaTeX Font Info:    Checking defaults for C52/song/m/n on input line 99.
LaTeX Font Info:    ... okay on input line 99.
LaTeX Font Info:    Checking defaults for C49/song/m/n on input line 99.
LaTeX Font Info:    ... okay on input line 99.
LaTeX Font Info:    Checking defaults for C60/mj/m/n on input line 99.
LaTeX Font Info:    ... okay on input line 99.
LaTeX Font Info:    Checking defaults for C61/mj/m/n on input line 99.
LaTeX Font Info:    ... okay on input line 99.
LaTeX Font Info:    Checking defaults for C63/mj/m/n on input line 99.
LaTeX Font Info:    ... okay on input line 99.
LaTeX Font Info:    Checking defaults for C64/mj/m/n on input line 99.
LaTeX Font Info:    ... okay on input line 99.
LaTeX Font Info:    Checking defaults for C65/mj/m/n on input line 99.
LaTeX Font Info:    ... okay on input line 99.
LaTeX Font Info:    Checking defaults for C70/song/m/n on input line 99.
LaTeX Font Info:    ... okay on input line 99.
LaTeX Font Info:    Checking defaults for C31/song/m/n on input line 99.
LaTeX Font Info:    ... okay on input line 99.
LaTeX Font Info:    Checking defaults for C32/song/m/n on input line 99.
LaTeX Font Info:    ... okay on input line 99.
LaTeX Font Info:    Checking defaults for C33/song/m/n on input line 99.
LaTeX Font Info:    ... okay on input line 99.
LaTeX Font Info:    Checking defaults for C34/song/m/n on input line 99.
LaTeX Font Info:    ... okay on input line 99.
LaTeX Font Info:    Checking defaults for C35/song/m/n on input line 99.
LaTeX Font Info:    ... okay on input line 99.
LaTeX Font Info:    Checking defaults for C36/song/m/n on input line 99.
LaTeX Font Info:    ... okay on input line 99.
LaTeX Font Info:    Checking defaults for C37/song/m/n on input line 99.
LaTeX Font Info:    ... okay on input line 99.
LaTeX Font Info:    Checking defaults for C80/song/m/n on input line 99.
LaTeX Font Info:    ... okay on input line 99.
LaTeX Font Info:    Checking defaults for C81/song/m/n on input line 99.
LaTeX Font Info:    ... okay on input line 99.
LaTeX Font Info:    Checking defaults for C01/song/m/n on input line 99.
LaTeX Font Info:    ... okay on input line 99.
LaTeX Font Info:    Checking defaults for C11/song/m/n on input line 99.
LaTeX Font Info:    ... okay on input line 99.
LaTeX Font Info:    Checking defaults for C21/song/m/n on input line 99.
LaTeX Font Info:    ... okay on input line 99.
LaTeX Font Info:    Checking defaults for C41/song/m/n on input line 99.
LaTeX Font Info:    ... okay on input line 99.
LaTeX Font Info:    Checking defaults for C62/song/m/n on input line 99.
LaTeX Font Info:    ... okay on input line 99.
LaTeX Font Info:    Checking defaults for PD1/pdf/m/n on input line 99.
LaTeX Font Info:    ... okay on input line 99.
LaTeX Font Info:    Try loading font information for OT1+ptm on input line 99.

(D:\Application\Ctex\MiKTeX\tex\latex\psnfss\ot1ptm.fd
File: ot1ptm.fd 2001/06/04 font definitions for OT1/ptm.
)<<ot1.cmap>>
(D:\Application\Ctex\MiKTeX\tex\context\base\supp-pdf.mkii
[Loading MPS to PDF converter (version 2006.09.02).]
\scratchcounter=\count349
\scratchdimen=\dimen317
\scratchbox=\box63
\nofMPsegments=\count350
\nofMParguments=\count351
\everyMPshowfont=\toks52
\MPscratchCnt=\count352
\MPscratchDim=\dimen318
\MPnumerator=\count353
\makeMPintoPDFobject=\count354
\everyMPtoPDFconversion=\toks53
)
\c@lstlisting=\count355
\AtBeginShipoutBox=\box64
Package hyperref Info: Link coloring ON on input line 99.
 (D:\Application\Ctex\MiKTeX\tex\latex\hyperref\nameref.sty
Package: nameref 2010/04/30 v2.40 Cross-referencing by name of section

(D:\Application\Ctex\MiKTeX\tex\generic\oberdiek\gettitlestring.sty
Package: gettitlestring 2010/12/03 v1.4 Cleanup title references (HO)
)
\c@section@level=\count356
)
LaTeX Info: Redefining \ref on input line 99.
LaTeX Info: Redefining \pageref on input line 99.
LaTeX Info: Redefining \nameref on input line 99.

(D:\ÔºàÂçöÂ£´ÔºâÊàëÁöÑËµÑÊñô\Git\fry\Âê¥ÂÆÅÂçö‚Äî‚ÄîÂçöÂ£´Â≠¶‰ΩçËÆ∫Êñá\Âê¥ÂÆÅÂç
ö‚Äî‚ÄîÂçöÂ£´Â≠¶‰ΩçËÆ∫Êñá\Â∑ÆÂàÜÈöêÁßÅÂùáË°°‰ºòÂåñÊ®°Âûã‰∏éÁÆóÊ≥ïÁ†îÁ©∂.out)
! Missing \endcsname inserted.
<to be read again> 
                   \relax 
l.99 \begin{document}
                     
The control sequence marked <to be read again> should
not appear between \csname and \endcsname.

! Missing \endcsname inserted.
<to be read again> 
                   \relax 
l.99 \begin{document}
                     
The control sequence marked <to be read again> should
not appear between \csname and \endcsname.

! Extra \endcsname.
\check@bm@number ...0\else \csname B_#1\endcsname 
                                                  \fi 
l.99 \begin{document}
                     
I'm ignoring this, since I wasn't doing a \csname.

! Missing \endcsname inserted.
<to be read again> 
                   \relax 
l.99 \begin{document}
                     
The control sequence marked <to be read again> should
not appear between \csname and \endcsname.


(D:\ÔºàÂçöÂ£´ÔºâÊàëÁöÑËµÑÊñô\Git\fry\Âê¥ÂÆÅÂçö‚Äî‚ÄîÂçöÂ£´Â≠¶‰ΩçËÆ∫Êñá\Âê¥ÂÆÅÂç
ö‚Äî‚ÄîÂçöÂ£´Â≠¶‰ΩçËÆ∫Êñá\Â∑ÆÂàÜÈöêÁßÅÂùáË°°‰ºòÂåñÊ®°Âûã‰∏éÁÆóÊ≥ïÁ†îÁ©∂.out)
! Missing \endcsname inserted.
<to be read again> 
                   \endgroup 
l.99 \begin{document}
                     
The control sequence marked <to be read again> should
not appear between \csname and \endcsname.

! Missing \endcsname inserted.
<to be read again> 
                   \endgroup 
l.99 \begin{document}
                     
The control sequence marked <to be read again> should
not appear between \csname and \endcsname.

! Use of \B_ doesn't match its definition.
<recently read> \endgroup 
                          
l.99 \begin{document}
                     
If you say, e.g., `\def\a1{...}', then you must always
put `1' after `\a', since control sequence names are
made up of letters only. The macro here has not been
followed by the required stuff, so I'm ignoring it.

! Missing number, treated as zero.
<to be read again> 
                   \endcsname 
l.99 \begin{document}
                     
A number should have been here; I inserted `0'.
(If you can't figure out why I needed to see a number,
look up `weird error' in the index to The TeXbook.)

! Missing { inserted.
<to be read again> 
                   \endcsname 
l.99 \begin{document}
                     
A left brace was mandatory here, so I've put one in.
You might want to delete and/or insert some corrections
so that I will find a matching right brace soon.
(If you're confused by all this, try typing `I}' now.)

! Extra \else.
\ReadBookmarks ...fx \WriteBookmarks \relax \else 
                                                  \if@filesw \newwrite \@out...
l.99 \begin{document}
                     
I'm ignoring this; it doesn't match any \if.

! Undefined control sequence.
<argument> \@outlinefile 
                         
l.99 \begin{document}
                     
The control sequence at the end of the top line
of your error message was never \def'ed. If you have
misspelled it (e.g., `\hobx'), type `I' and the correct
spelling (e.g., `I\hbox'). Otherwise just continue,
and I'll forget about whatever was undefined.

! Undefined control sequence.
<argument> ... \immediate \closeout \@outlinefile 
                                                  \ReFiCh@Check {}\x {\jobna...
l.99 \begin{document}
                     
The control sequence at the end of the top line
of your error message was never \def'ed. If you have
misspelled it (e.g., `\hobx'), type `I' and the correct
spelling (e.g., `I\hbox'). Otherwise just continue,
and I'll forget about whatever was undefined.

! Undefined control sequence.
<argument> \x 
              
l.99 \begin{document}
                     
The control sequence at the end of the top line
of your error message was never \def'ed. If you have
misspelled it (e.g., `\hobx'), type `I' and the correct
spelling (e.g., `I\hbox'). Otherwise just continue,
and I'll forget about whatever was undefined.

! Undefined control sequence.
<argument> ...Ch@0 \MessageBreak After: \space \x 
                                                  \@gobble 
l.99 \begin{document}
                     
The control sequence at the end of the top line
of your error message was never \def'ed. If you have
misspelled it (e.g., `\hobx'), type `I' and the correct
spelling (e.g., `I\hbox'). Otherwise just continue,
and I'll forget about whatever was undefined.

! Undefined control sequence.
\ReadBookmarks ...mmediate \openout \@outlinefile 
                                                  =\jobname .out\relax \ifHy...
l.99 \begin{document}
                     
The control sequence at the end of the top line
of your error message was never \def'ed. If you have
misspelled it (e.g., `\hobx'), type `I' and the correct
spelling (e.g., `I\hbox'). Otherwise just continue,
and I'll forget about whatever was undefined.

! Extra \fi.
\ReadBookmarks ... {<relaxxml>\relax }\fi \fi \fi 
                                                  
l.99 \begin{document}
                     
I'm ignoring this; it doesn't match any \if.

! Extra \fi.
\Hy@AtBeginDocumentHook ...per \ReadBookmarks \fi 
                                                  \Hy@pdfstringtrue \PDF@Set...
l.99 \begin{document}
                     
I'm ignoring this; it doesn't match any \if.

)
! Incomplete \iffalse; all text was ignored after line 99.
<inserted text> 
                \fi 
<*> ...ÈöêÁßÅÂùáË°°‰ºòÂåñÊ®°Âûã‰∏éÁÆóÊ≥ïÁ†îÁ©∂.tex
                                                  
The file ended while I was skipping conditional text.
This kind of error happens when you say `\if...' and forget
the matching `\fi'. I've inserted a `\fi'; this might work.

! Emergency stop.
<*> ...ÈöêÁßÅÂùáË°°‰ºòÂåñÊ®°Âûã‰∏éÁÆóÊ≥ïÁ†îÁ©∂.tex
                                                  
*** (job aborted, no legal \end found)

 
Here is how much of TeX's memory you used:
 27793 strings out of 495354
 467316 string characters out of 3183188
 580410 words of memory out of 3000000
 30285 multiletter control sequences out of 15000+200000
 4849 words of font info for 18 fonts, out of 3000000 for 9000
 14 hyphenation exceptions out of 8191
 56i,1n,55p,2620b,219s stack positions out of 5000i,500n,10000p,200000b,50000s
!  ==> Fatal error occurred, no output PDF file produced!
