\BOOKMARK [0][-]{chapter*.2}{目 \040录}{}% 1
\BOOKMARK [0][-]{chapter*.3}{摘 \040要}{}% 2
\BOOKMARK [0][-]{chapter*.4}{Abstract}{}% 3
\BOOKMARK [0][-]{chapter.1}{第一章 \040绪论}{}% 4
\BOOKMARK [1][-]{section.1.1}{1.1 研究背景及意义}{chapter.1}% 5
\BOOKMARK [1][-]{section.1.2}{1.2 研究现状}{chapter.1}% 6
\BOOKMARK [2][-]{subsection.1.2.1}{1.2.1 隐私度量}{section.1.2}% 7
\BOOKMARK [2][-]{subsection.1.2.2}{1.2.2 隐私分析}{section.1.2}% 8
\BOOKMARK [2][-]{subsection.1.2.3}{1.2.3 隐私保护}{section.1.2}% 9
\BOOKMARK [2][-]{subsection.1.2.4}{1.2.4 隐私与效用平衡}{section.1.2}% 10
\BOOKMARK [1][-]{section.1.3}{1.3 关键研究问题}{chapter.1}% 11
\BOOKMARK [1][-]{section.1.4}{1.4 研究内容和成果}{chapter.1}% 12
\BOOKMARK [2][-]{subsection.1.4.1}{1.4.1 基于信息熵的隐私通信模型及度量方法}{section.1.4}% 13
\BOOKMARK [2][-]{subsection.1.4.2}{1.4.2 独立序列型数据属性隐私推断模型}{section.1.4}% 14
\BOOKMARK [2][-]{subsection.1.4.3}{1.4.3 关联序列型数据属性隐私推断模型}{section.1.4}% 15
\BOOKMARK [2][-]{subsection.1.4.4}{1.4.4 隐私保护风险自适应访问控制模型}{section.1.4}% 16
\BOOKMARK [2][-]{subsection.1.4.5}{1.4.5 基于扩展式博弈的理性隐私风险访问控制模型}{section.1.4}% 17
\BOOKMARK [2][-]{subsection.1.4.6}{1.4.6 基于演化博弈的理性隐私风险访问控制模型}{section.1.4}% 18
\BOOKMARK [1][-]{section.1.5}{1.5 论文结构安排}{chapter.1}% 19
\BOOKMARK [0][-]{chapter.2}{第二章 \040基础知识}{}% 20
\BOOKMARK [1][-]{section.2.1}{2.1 Shannon信息论}{chapter.2}% 21
\BOOKMARK [2][-]{subsection.2.1.1}{2.1.1 信息通信模型}{section.2.1}% 22
\BOOKMARK [2][-]{subsection.2.1.2}{2.1.2 信息熵}{section.2.1}% 23
\BOOKMARK [2][-]{subsection.2.1.3}{2.1.3 互信息}{section.2.1}% 24
\BOOKMARK [1][-]{section.2.2}{2.2 博弈论}{chapter.2}% 25
\BOOKMARK [2][-]{subsection.2.2.1}{2.2.1 博弈模型}{section.2.2}% 26
\BOOKMARK [2][-]{subsection.2.2.2}{2.2.2 策略博弈}{section.2.2}% 27
\BOOKMARK [2][-]{subsection.2.2.3}{2.2.3 扩展式博弈}{section.2.2}% 28
\BOOKMARK [2][-]{subsection.2.2.4}{2.2.4 演化博弈}{section.2.2}% 29
\BOOKMARK [1][-]{section.2.3}{2.3 隐私定义及隐私保护模型}{chapter.2}% 30
\BOOKMARK [2][-]{subsection.2.3.1}{2.3.1 身份隐私}{section.2.3}% 31
\BOOKMARK [2][-]{subsection.2.3.2}{2.3.2 属性隐私}{section.2.3}% 32
\BOOKMARK [2][-]{subsection.2.3.3}{2.3.3 隐私保护模型}{section.2.3}% 33
\BOOKMARK [1][-]{section.2.4}{2.4 小结}{chapter.2}% 34
\BOOKMARK [0][-]{chapter.3}{第三章 \040基于信息熵的隐私通信模型及度量方法}{}% 35
\BOOKMARK [1][-]{section.3.1}{3.1 概述}{chapter.3}% 36
\BOOKMARK [1][-]{section.3.2}{3.2 相关工作}{chapter.3}% 37
\BOOKMARK [1][-]{section.3.3}{3.3 隐私保护信息熵模型}{chapter.3}% 38
\BOOKMARK [2][-]{subsection.3.3.1}{3.3.1 隐私保护基本信息熵模型}{section.3.3}% 39
\BOOKMARK [2][-]{subsection.3.3.2}{3.3.2 含敌手攻击的隐私保护信息熵模型}{section.3.3}% 40
\BOOKMARK [2][-]{subsection.3.3.3}{3.3.3 带主观感受的隐私保护信息熵模型}{section.3.3}% 41
\BOOKMARK [2][-]{subsection.3.3.4}{3.3.4 多信源的隐私保护信息熵模型}{section.3.3}% 42
\BOOKMARK [1][-]{section.3.4}{3.4 隐私度量方法}{chapter.3}% 43
\BOOKMARK [2][-]{subsection.3.4.1}{3.4.1 隐私信息的熵度量模型}{section.3.4}% 44
\BOOKMARK [2][-]{subsection.3.4.2}{3.4.2 隐私保护机制强度度量}{section.3.4}% 45
\BOOKMARK [2][-]{subsection.3.4.3}{3.4.3 敌手隐私攻击强度度量}{section.3.4}% 46
\BOOKMARK [1][-]{section.3.5}{3.5 小结}{chapter.3}% 47
\BOOKMARK [0][-]{chapter.4}{第四章 \040独立序列型数据属性隐私推断模型}{}% 48
\BOOKMARK [1][-]{section.4.1}{4.1 概述}{chapter.4}% 49
\BOOKMARK [1][-]{section.4.2}{4.2 相关工作}{chapter.4}% 50
\BOOKMARK [2][-]{subsection.4.2.1}{4.2.1 基因序列隐私推断攻击}{section.4.2}% 51
\BOOKMARK [2][-]{subsection.4.2.2}{4.2.2 基因组数据隐私泄露}{section.4.2}% 52
\BOOKMARK [1][-]{section.4.3}{4.3 相关背景知识}{chapter.4}% 53
\BOOKMARK [2][-]{subsection.4.3.1}{4.3.1 基因组}{section.4.3}% 54
\BOOKMARK [2][-]{subsection.4.3.2}{4.3.2 隐Markov模型}{section.4.3}% 55
\BOOKMARK [2][-]{subsection.4.3.3}{4.3.3 卷积神经网络}{section.4.3}% 56
\BOOKMARK [1][-]{section.4.4}{4.4 敌手模型与敌手隐私分析能力度量}{chapter.4}% 57
\BOOKMARK [2][-]{subsection.4.4.1}{4.4.1 敌手模型}{section.4.4}% 58
\BOOKMARK [2][-]{subsection.4.4.2}{4.4.2 敌手隐私分析能力度量}{section.4.4}% 59
\BOOKMARK [1][-]{section.4.5}{4.5 独立序列型数据隐私分析推断方法}{chapter.4}% 60
\BOOKMARK [2][-]{subsection.4.5.1}{4.5.1 基于iHMM的隐私分析}{section.4.5}% 61
\BOOKMARK [2][-]{subsection.4.5.2}{4.5.2 基于RCNN的隐私分析}{section.4.5}% 62
\BOOKMARK [1][-]{section.4.6}{4.6 实验与分析}{chapter.4}% 63
\BOOKMARK [2][-]{subsection.4.6.1}{4.6.1 数据集选取}{section.4.6}% 64
\BOOKMARK [2][-]{subsection.4.6.2}{4.6.2 实验结果对比与分析}{section.4.6}% 65
\BOOKMARK [1][-]{section.4.7}{4.7 小结}{chapter.4}% 66
\BOOKMARK [0][-]{chapter.5}{第五章 \040关联序列型数据属性隐私推断模型}{}% 67
\BOOKMARK [1][-]{section.5.1}{5.1 概述}{chapter.5}% 68
\BOOKMARK [1][-]{section.5.2}{5.2 相关背景知识}{chapter.5}% 69
\BOOKMARK [2][-]{subsection.5.2.1}{5.2.1 基因组信息}{section.5.2}% 70
\BOOKMARK [2][-]{subsection.5.2.2}{5.2.2 置信传播}{section.5.2}% 71
\BOOKMARK [1][-]{section.5.3}{5.3 关联基因序列数据隐私分析敌手模型}{chapter.5}% 72
\BOOKMARK [2][-]{subsection.5.3.1}{5.3.1 数据模型}{section.5.3}% 73
\BOOKMARK [2][-]{subsection.5.3.2}{5.3.2 敌手模型}{section.5.3}% 74
\BOOKMARK [2][-]{subsection.5.3.3}{5.3.3 推断模型}{section.5.3}% 75
\BOOKMARK [1][-]{section.5.4}{5.4 基因属性隐私分析框架及方法}{chapter.5}% 76
\BOOKMARK [2][-]{subsection.5.4.1}{5.4.1 属性隐私分析框架}{section.5.4}% 77
\BOOKMARK [2][-]{subsection.5.4.2}{5.4.2 基因属性隐私分析模型}{section.5.4}% 78
\BOOKMARK [2][-]{subsection.5.4.3}{5.4.3 家族基因属性隐私分析示例}{section.5.4}% 79
\BOOKMARK [1][-]{section.5.5}{5.5 关联基因序列数据属性隐私分析评价与对比}{chapter.5}% 80
\BOOKMARK [2][-]{subsection.5.5.1}{5.5.1 隐私量化模型}{section.5.5}% 81
\BOOKMARK [2][-]{subsection.5.5.2}{5.5.2 实验数据集}{section.5.5}% 82
\BOOKMARK [2][-]{subsection.5.5.3}{5.5.3 实验结果分析}{section.5.5}% 83
\BOOKMARK [2][-]{subsection.5.5.4}{5.5.4 方法对比分析}{section.5.5}% 84
\BOOKMARK [1][-]{section.5.6}{5.6 小结}{chapter.5}% 85
\BOOKMARK [0][-]{chapter.6}{第六章 \040隐私保护风险自适应访问控制模型}{}% 86
\BOOKMARK [1][-]{section.6.1}{6.1 概述}{chapter.6}% 87
\BOOKMARK [1][-]{section.6.2}{6.2 相关工作}{chapter.6}% 88
\BOOKMARK [1][-]{section.6.3}{6.3 基本定义和敌手模型构建}{chapter.6}% 89
\BOOKMARK [1][-]{section.6.4}{6.4 风险自适应访问控制模型}{chapter.6}% 90
\BOOKMARK [2][-]{subsection.6.4.1}{6.4.1 风险访问控制框架}{section.6.4}% 91
\BOOKMARK [2][-]{subsection.6.4.2}{6.4.2 自适应风险机制}{section.6.4}% 92
\BOOKMARK [2][-]{subsection.6.4.3}{6.4.3 激励机制设计}{section.6.4}% 93
\BOOKMARK [1][-]{section.6.5}{6.5 讨论与分析}{chapter.6}% 94
\BOOKMARK [1][-]{section.6.6}{6.6 小结}{chapter.6}% 95
\BOOKMARK [0][-]{chapter.7}{第七章 \040基于扩展式博弈的理性隐私风险访问控制模型}{}% 96
\BOOKMARK [1][-]{section.7.1}{7.1 概述}{chapter.7}% 97
\BOOKMARK [1][-]{section.7.2}{7.2 相关背景知识}{chapter.7}% 98
\BOOKMARK [1][-]{section.7.3}{7.3 模型定义}{chapter.7}% 99
\BOOKMARK [1][-]{section.7.4}{7.4 理性RaBAC模型构建}{chapter.7}% 100
\BOOKMARK [2][-]{subsection.7.4.1}{7.4.1 理性RaBAC框架}{section.7.4}% 101
\BOOKMARK [2][-]{subsection.7.4.2}{7.4.2 理性RaBAC流程}{section.7.4}% 102
\BOOKMARK [1][-]{section.7.5}{7.5 隐私风险计算}{chapter.7}% 103
\BOOKMARK [2][-]{subsection.7.5.1}{7.5.1 访问请求隐私风险计算}{section.7.5}% 104
\BOOKMARK [2][-]{subsection.7.5.2}{7.5.2 用户隐私风险计算}{section.7.5}% 105
\BOOKMARK [1][-]{section.7.6}{7.6 基于扩展式博弈的理性RaBAC分析}{chapter.7}% 106
\BOOKMARK [2][-]{subsection.7.6.1}{7.6.1 博弈模型构建}{section.7.6}% 107
\BOOKMARK [2][-]{subsection.7.6.2}{7.6.2 博弈模型分析}{section.7.6}% 108
\BOOKMARK [1][-]{section.7.7}{7.7 比较与分析}{chapter.7}% 109
\BOOKMARK [1][-]{section.7.8}{7.8 小结}{chapter.7}% 110
\BOOKMARK [0][-]{chapter.8}{第八章 \040基于演化博弈的理性隐私风险访问控制模型}{}% 111
\BOOKMARK [1][-]{section.8.1}{8.1 概述}{chapter.8}% 112
\BOOKMARK [1][-]{section.8.2}{8.2 相关工作}{chapter.8}% 113
\BOOKMARK [1][-]{section.8.3}{8.3 基于演化博弈的有限理性RaBAC模型构建}{chapter.8}% 114
\BOOKMARK [2][-]{subsection.8.3.1}{8.3.1 有限理性RaBAC模型问题描述}{section.8.3}% 115
\BOOKMARK [2][-]{subsection.8.3.2}{8.3.2 基于演化博弈的理性RaBAC模型}{section.8.3}% 116
\BOOKMARK [1][-]{section.8.4}{8.4 隐私风险定义及自适应计算方法}{chapter.8}% 117
\BOOKMARK [2][-]{subsection.8.4.1}{8.4.1 访问请求隐私风险}{section.8.4}% 118
\BOOKMARK [2][-]{subsection.8.4.2}{8.4.2 用户隐私风险}{section.8.4}% 119
\BOOKMARK [1][-]{section.8.5}{8.5 RaBAC的演化博弈模型与均衡分析}{chapter.8}% 120
\BOOKMARK [2][-]{subsection.8.5.1}{8.5.1 RaBAC的演化博弈模型}{section.8.5}% 121
\BOOKMARK [2][-]{subsection.8.5.2}{8.5.2 博弈演化稳定策略均衡求解}{section.8.5}% 122
\BOOKMARK [2][-]{subsection.8.5.3}{8.5.3 博弈演化稳定策略分析}{section.8.5}% 123
\BOOKMARK [1][-]{section.8.6}{8.6 实验仿真与分析}{chapter.8}% 124
\BOOKMARK [1][-]{section.8.7}{8.7 对比与讨论}{chapter.8}% 125
\BOOKMARK [1][-]{section.8.8}{8.8 小结}{chapter.8}% 126
\BOOKMARK [0][-]{chapter.9}{第九章 \040总结及展望}{}% 127
\BOOKMARK [1][-]{section.9.1}{9.1 结论}{chapter.9}% 128
\BOOKMARK [1][-]{section.9.2}{9.2 展望}{chapter.9}% 129
\BOOKMARK [0][-]{chapter*.53}{参考文献}{}% 130
