\BOOKMARK [0][-]{chapter.1}{第一章 \040绪论}{}% 1
\BOOKMARK [1][-]{section.1.1}{1.1 研究背景与意义}{chapter.1}% 2
\BOOKMARK [2][-]{subsection.1.1.1}{1.1.1 研究背景}{section.1.1}% 3
\BOOKMARK [2][-]{subsection.1.1.2}{1.1.2 研究意义}{section.1.1}% 4
\BOOKMARK [1][-]{section.1.2}{1.2 相关研究工作回顾}{chapter.1}% 5
\BOOKMARK [2][-]{subsection.1.2.1}{1.2.1 反应式系统}{section.1.2}% 6
\BOOKMARK [2][-]{subsection.1.2.2}{1.2.2 遗忘理论}{section.1.2}% 7
\BOOKMARK [2][-]{subsection.1.2.3}{1.2.3 最强必要条件（SNC）和最弱充分条件（WSC）}{section.1.2}% 8
\BOOKMARK [1][-]{section.1.3}{1.3 研究目标及主要结果}{chapter.1}% 9
\BOOKMARK [1][-]{section.1.4}{1.4 论文组织结构}{chapter.1}% 10
\BOOKMARK [0][-]{chapter.2}{第二章 \040基础知识}{}% 11
\BOOKMARK [1][-]{section.2.1}{2.1 反应式系统}{chapter.2}% 12
\BOOKMARK [1][-]{section.2.2}{2.2 Kripke结构}{chapter.2}% 13
\BOOKMARK [2][-]{subsection.2.2.1}{2.2.1 真假赋值和K-解释}{section.2.2}% 14
\BOOKMARK [2][-]{subsection.2.2.2}{2.2.2 Kripke结构}{section.2.2}% 15
\BOOKMARK [1][-]{section.2.3}{2.3 时序逻辑}{chapter.2}% 16
\BOOKMARK [2][-]{subsection.2.3.1}{2.3.1 计算树逻辑（CTL）}{section.2.3}% 17
\BOOKMARK [2][-]{subsection.2.3.2}{2.3.2 CTL的标准形式}{section.2.3}% 18
\BOOKMARK [2][-]{subsection.2.3.3}{2.3.3 -演算}{section.2.3}% 19
\BOOKMARK [2][-]{subsection.2.3.4}{2.3.4 -公式的析取范式}{section.2.3}% 20
\BOOKMARK [1][-]{section.2.4}{2.4 CTL下的归结}{chapter.2}% 21
\BOOKMARK [1][-]{section.2.5}{2.5 遗忘理论和SNC（WSC）}{chapter.2}% 22
\BOOKMARK [2][-]{subsection.2.5.1}{2.5.1 经典逻辑遗忘}{section.2.5}% 23
\BOOKMARK [2][-]{subsection.2.5.2}{2.5.2 模态逻辑S5的遗忘}{section.2.5}% 24
\BOOKMARK [2][-]{subsection.2.5.3}{2.5.3 遗忘的计算方法}{section.2.5}% 25
\BOOKMARK [2][-]{subsection.2.5.4}{2.5.4 基于遗忘的SNC（WSC）计算}{section.2.5}% 26
\BOOKMARK [1][-]{section.2.6}{2.6 本章小结}{chapter.2}% 27
\BOOKMARK [0][-]{chapter.3}{第三章 \040CTL和-演算遗忘理论}{}% 28
\BOOKMARK [1][-]{section.3.1}{3.1 CTL遗忘理论}{chapter.3}% 29
\BOOKMARK [2][-]{subsection.3.1.1}{3.1.1 互模拟}{section.3.1}% 30
\BOOKMARK [2][-]{subsection.3.1.2}{3.1.2 遗忘算子及其性质}{section.3.1}% 31
\BOOKMARK [1][-]{section.3.2}{3.2 -演算遗忘理论}{chapter.3}% 32
\BOOKMARK [2][-]{subsection.3.2.1}{3.2.1 变元-命题-互模拟}{section.3.2}% 33
\BOOKMARK [2][-]{subsection.3.2.2}{3.2.2 遗忘算子及其性质}{section.3.2}% 34
\BOOKMARK [2][-]{subsection.3.2.3}{3.2.3 计算复杂性}{section.3.2}% 35
\BOOKMARK [1][-]{section.3.3}{3.3 本章小结}{chapter.3}% 36
\BOOKMARK [0][-]{chapter.4}{第四章 \040遗忘理论在反应式系统中的应用}{}% 37
\BOOKMARK [1][-]{section.4.1}{4.1 有限初始结构的特征公式}{chapter.4}% 38
\BOOKMARK [2][-]{subsection.4.1.1}{4.1.1 计算树V-互模拟}{section.4.1}% 39
\BOOKMARK [2][-]{subsection.4.1.2}{4.1.2 计算树的特征公式}{section.4.1}% 40
\BOOKMARK [2][-]{subsection.4.1.3}{4.1.3 初始结构的特征公式}{section.4.1}% 41
\BOOKMARK [1][-]{section.4.2}{4.2 最弱充分条件}{chapter.4}% 42
\BOOKMARK [1][-]{section.4.3}{4.3 知识更新}{chapter.4}% 43
\BOOKMARK [1][-]{section.4.4}{4.4 本章小结}{chapter.4}% 44
\BOOKMARK [0][-]{chapter.5}{第五章 \040CTL遗忘计算方法}{}% 45
\BOOKMARK [1][-]{section.5.1}{5.1 基于模型的有界CTL遗忘计算}{chapter.5}% 46
\BOOKMARK [1][-]{section.5.2}{5.2 基于归结的遗忘计算方法}{chapter.5}% 47
\BOOKMARK [2][-]{subsection.5.2.1}{5.2.1 基于归结的算法CTL-forget}{section.5.2}% 48
\BOOKMARK [2][-]{subsection.5.2.2}{5.2.2 基于Prolog的CTL-forget算法实现}{section.5.2}% 49
\BOOKMARK [2][-]{subsection.5.2.3}{5.2.3 实验}{section.5.2}% 50
\BOOKMARK [1][-]{section.5.3}{5.3 本章小结}{chapter.5}% 51
\BOOKMARK [0][-]{chapter.6}{第六章 \040总结与展望}{}% 52
\BOOKMARK [1][-]{section.6.1}{6.1 工作总结}{chapter.6}% 53
\BOOKMARK [1][-]{section.6.2}{6.2 研究展望}{chapter.6}% 54
\BOOKMARK [0][-]{chapter*.23}{参考文献}{}% 55
\BOOKMARK [0][-]{chapter*.24}{攻读博士学位期间科研和论文情况}{}% 56
\BOOKMARK [0][-]{chapter*.25}{致 \040谢}{}% 57
